2023-03-10 09:17:20 [main] INFO  StartupInfoLogger:55 - [] Starting BankMapperTest using Java 17.0.4.1 on LTIN419023 with PID 49320 (started by 2153311 in C:\Users\2153311\workspace-eclipse\ABC-bank)
2023-03-10 09:17:20 [main] INFO  SpringApplication:634 - [] No active profile set, falling back to 1 default profile: "default"
2023-03-10 09:17:21 [main] INFO  RepositoryConfigurationDelegate:132 - [] Bootstrapping Spring Data JPA repositories in DEFAULT mode.
2023-03-10 09:17:21 [main] INFO  RepositoryConfigurationDelegate:201 - [] Finished Spring Data repository scanning in 73 ms. Found 1 JPA repository interfaces.
2023-03-10 09:17:21 [main] INFO  LogHelper:31 - [] HHH000204: Processing PersistenceUnitInfo [name: default]
2023-03-10 09:17:22 [main] INFO  Version:44 - [] HHH000412: Hibernate ORM core version 5.6.12.Final
2023-03-10 09:17:22 [main] INFO  JavaReflectionManager:56 - [] HCANN000001: Hibernate Commons Annotations {5.1.2.Final}
2023-03-10 09:17:22 [main] INFO  HikariDataSource:110 - [] HikariPool-1 - Starting...
2023-03-10 09:17:22 [main] INFO  HikariDataSource:123 - [] HikariPool-1 - Start completed.
2023-03-10 09:17:22 [main] INFO  Dialect:175 - [] HHH000400: Using dialect: org.hibernate.dialect.MySQL8Dialect
2023-03-10 09:17:23 [main] INFO  JtaPlatformInitiator:52 - [] HHH000490: Using JtaPlatform implementation: [org.hibernate.engine.transaction.jta.platform.internal.NoJtaPlatform]
2023-03-10 09:17:23 [main] INFO  AbstractEntityManagerFactoryBean:437 - [] Initialized JPA EntityManagerFactory for persistence unit 'default'
2023-03-10 09:17:24 [main] WARN  JpaBaseConfiguration$JpaWebConfiguration:219 - [] spring.jpa.open-in-view is enabled by default. Therefore, database queries may be performed during view rendering. Explicitly configure spring.jpa.open-in-view to disable this warning
2023-03-10 09:17:25 [main] INFO  StartupInfoLogger:61 - [] Started BankMapperTest in 5.373 seconds (JVM running for 6.592)
2023-03-10 09:17:25 [main] INFO  AbstractTestContextBootstrapper:305 - [] Neither @ContextConfiguration nor @ContextHierarchy found for test class [com.bank.ABCbank.AbcBankApplicationTests], using SpringBootContextLoader
2023-03-10 09:17:25 [main] INFO  AbstractContextLoader:264 - [] Could not detect default resource locations for test class [com.bank.ABCbank.AbcBankApplicationTests]: no resource found for suffixes {-context.xml, Context.groovy}.
2023-03-10 09:17:25 [main] INFO  AnnotationConfigContextLoaderUtils:83 - [] Could not detect default configuration classes for test class [com.bank.ABCbank.AbcBankApplicationTests]: AbcBankApplicationTests does not declare any static, non-private, non-final, nested classes annotated with @Configuration.
2023-03-10 09:17:25 [main] INFO  SpringBootTestContextBootstrapper:238 - [] Found @SpringBootConfiguration com.bank.ABCbank.AbcBankApplication for test class com.bank.ABCbank.AbcBankApplicationTests
2023-03-10 09:17:25 [main] INFO  AbstractTestContextBootstrapper:245 - [] Loaded default TestExecutionListener class names from location [META-INF/spring.factories]: [org.springframework.boot.test.mock.mockito.MockitoTestExecutionListener, org.springframework.boot.test.mock.mockito.ResetMocksTestExecutionListener, org.springframework.boot.test.autoconfigure.restdocs.RestDocsTestExecutionListener, org.springframework.boot.test.autoconfigure.web.client.MockRestServiceServerResetTestExecutionListener, org.springframework.boot.test.autoconfigure.web.servlet.MockMvcPrintOnlyOnFailureTestExecutionListener, org.springframework.boot.test.autoconfigure.web.servlet.WebDriverTestExecutionListener, org.springframework.boot.test.autoconfigure.webservices.client.MockWebServiceServerTestExecutionListener, org.springframework.test.context.web.ServletTestExecutionListener, org.springframework.test.context.support.DirtiesContextBeforeModesTestExecutionListener, org.springframework.test.context.event.ApplicationEventsTestExecutionListener, org.springframework.test.context.support.DependencyInjectionTestExecutionListener, org.springframework.test.context.support.DirtiesContextTestExecutionListener, org.springframework.test.context.transaction.TransactionalTestExecutionListener, org.springframework.test.context.jdbc.SqlScriptsTestExecutionListener, org.springframework.test.context.event.EventPublishingTestExecutionListener]
2023-03-10 09:17:25 [main] INFO  AbstractTestContextBootstrapper:174 - [] Using TestExecutionListeners: [org.springframework.test.context.web.ServletTestExecutionListener@13868c41, org.springframework.test.context.support.DirtiesContextBeforeModesTestExecutionListener@67d55a46, org.springframework.test.context.event.ApplicationEventsTestExecutionListener@72115c48, org.springframework.boot.test.mock.mockito.MockitoTestExecutionListener@1d982fbe, org.springframework.boot.test.autoconfigure.SpringBootDependencyInjectionTestExecutionListener@3adb4cc8, org.springframework.test.context.support.DirtiesContextTestExecutionListener@779136bf, org.springframework.test.context.transaction.TransactionalTestExecutionListener@f9ac719, org.springframework.test.context.jdbc.SqlScriptsTestExecutionListener@53a3fc8b, org.springframework.test.context.event.EventPublishingTestExecutionListener@337e573b, org.springframework.boot.test.mock.mockito.ResetMocksTestExecutionListener@4d24ab25, org.springframework.boot.test.autoconfigure.restdocs.RestDocsTestExecutionListener@145f1f97, org.springframework.boot.test.autoconfigure.web.client.MockRestServiceServerResetTestExecutionListener@58d4fe33, org.springframework.boot.test.autoconfigure.web.servlet.MockMvcPrintOnlyOnFailureTestExecutionListener@1952ad9d, org.springframework.boot.test.autoconfigure.web.servlet.WebDriverTestExecutionListener@71c74011, org.springframework.boot.test.autoconfigure.webservices.client.MockWebServiceServerTestExecutionListener@1d884a19]
2023-03-10 09:17:25 [main] INFO  AbstractTestContextBootstrapper:305 - [] Neither @ContextConfiguration nor @ContextHierarchy found for test class [com.bank.ABCbank.service.BankServiceImplTest], using SpringBootContextLoader
2023-03-10 09:17:25 [main] INFO  AbstractContextLoader:264 - [] Could not detect default resource locations for test class [com.bank.ABCbank.service.BankServiceImplTest]: no resource found for suffixes {-context.xml, Context.groovy}.
2023-03-10 09:17:25 [main] INFO  AnnotationConfigContextLoaderUtils:83 - [] Could not detect default configuration classes for test class [com.bank.ABCbank.service.BankServiceImplTest]: BankServiceImplTest does not declare any static, non-private, non-final, nested classes annotated with @Configuration.
2023-03-10 09:17:25 [main] INFO  SpringBootTestContextBootstrapper:238 - [] Found @SpringBootConfiguration com.bank.ABCbank.AbcBankApplication for test class com.bank.ABCbank.service.BankServiceImplTest
2023-03-10 09:17:25 [main] INFO  AbstractTestContextBootstrapper:245 - [] Loaded default TestExecutionListener class names from location [META-INF/spring.factories]: [org.springframework.boot.test.mock.mockito.MockitoTestExecutionListener, org.springframework.boot.test.mock.mockito.ResetMocksTestExecutionListener, org.springframework.boot.test.autoconfigure.restdocs.RestDocsTestExecutionListener, org.springframework.boot.test.autoconfigure.web.client.MockRestServiceServerResetTestExecutionListener, org.springframework.boot.test.autoconfigure.web.servlet.MockMvcPrintOnlyOnFailureTestExecutionListener, org.springframework.boot.test.autoconfigure.web.servlet.WebDriverTestExecutionListener, org.springframework.boot.test.autoconfigure.webservices.client.MockWebServiceServerTestExecutionListener, org.springframework.test.context.web.ServletTestExecutionListener, org.springframework.test.context.support.DirtiesContextBeforeModesTestExecutionListener, org.springframework.test.context.event.ApplicationEventsTestExecutionListener, org.springframework.test.context.support.DependencyInjectionTestExecutionListener, org.springframework.test.context.support.DirtiesContextTestExecutionListener, org.springframework.test.context.transaction.TransactionalTestExecutionListener, org.springframework.test.context.jdbc.SqlScriptsTestExecutionListener, org.springframework.test.context.event.EventPublishingTestExecutionListener]
2023-03-10 09:17:25 [main] INFO  AbstractTestContextBootstrapper:174 - [] Using TestExecutionListeners: [org.springframework.test.context.web.ServletTestExecutionListener@6705fb02, org.springframework.test.context.support.DirtiesContextBeforeModesTestExecutionListener@e2696e8, org.springframework.test.context.event.ApplicationEventsTestExecutionListener@345d641e, org.springframework.boot.test.mock.mockito.MockitoTestExecutionListener@70cdbd18, org.springframework.boot.test.autoconfigure.SpringBootDependencyInjectionTestExecutionListener@38d895e8, org.springframework.test.context.support.DirtiesContextTestExecutionListener@2f3d5cd, org.springframework.test.context.transaction.TransactionalTestExecutionListener@5dd12c19, org.springframework.test.context.jdbc.SqlScriptsTestExecutionListener@40696fc6, org.springframework.test.context.event.EventPublishingTestExecutionListener@3ce2c5f6, org.springframework.boot.test.mock.mockito.ResetMocksTestExecutionListener@20a3321a, org.springframework.boot.test.autoconfigure.restdocs.RestDocsTestExecutionListener@744673f3, org.springframework.boot.test.autoconfigure.web.client.MockRestServiceServerResetTestExecutionListener@7f5a25e2, org.springframework.boot.test.autoconfigure.web.servlet.MockMvcPrintOnlyOnFailureTestExecutionListener@553d828a, org.springframework.boot.test.autoconfigure.web.servlet.WebDriverTestExecutionListener@6cb759d5, org.springframework.boot.test.autoconfigure.webservices.client.MockWebServiceServerTestExecutionListener@2ba9765b]
2023-03-10 09:17:25 [main] INFO  AbstractTestContextBootstrapper:305 - [] Neither @ContextConfiguration nor @ContextHierarchy found for test class [com.bank.ABCbank.exception.NegativeBalanceAmountExceptionTest], using SpringBootContextLoader
2023-03-10 09:17:25 [main] INFO  AbstractContextLoader:264 - [] Could not detect default resource locations for test class [com.bank.ABCbank.exception.NegativeBalanceAmountExceptionTest]: no resource found for suffixes {-context.xml, Context.groovy}.
2023-03-10 09:17:25 [main] INFO  AnnotationConfigContextLoaderUtils:83 - [] Could not detect default configuration classes for test class [com.bank.ABCbank.exception.NegativeBalanceAmountExceptionTest]: NegativeBalanceAmountExceptionTest does not declare any static, non-private, non-final, nested classes annotated with @Configuration.
2023-03-10 09:17:25 [main] INFO  SpringBootTestContextBootstrapper:238 - [] Found @SpringBootConfiguration com.bank.ABCbank.AbcBankApplication for test class com.bank.ABCbank.exception.NegativeBalanceAmountExceptionTest
2023-03-10 09:17:25 [main] INFO  AbstractTestContextBootstrapper:245 - [] Loaded default TestExecutionListener class names from location [META-INF/spring.factories]: [org.springframework.boot.test.mock.mockito.MockitoTestExecutionListener, org.springframework.boot.test.mock.mockito.ResetMocksTestExecutionListener, org.springframework.boot.test.autoconfigure.restdocs.RestDocsTestExecutionListener, org.springframework.boot.test.autoconfigure.web.client.MockRestServiceServerResetTestExecutionListener, org.springframework.boot.test.autoconfigure.web.servlet.MockMvcPrintOnlyOnFailureTestExecutionListener, org.springframework.boot.test.autoconfigure.web.servlet.WebDriverTestExecutionListener, org.springframework.boot.test.autoconfigure.webservices.client.MockWebServiceServerTestExecutionListener, org.springframework.test.context.web.ServletTestExecutionListener, org.springframework.test.context.support.DirtiesContextBeforeModesTestExecutionListener, org.springframework.test.context.event.ApplicationEventsTestExecutionListener, org.springframework.test.context.support.DependencyInjectionTestExecutionListener, org.springframework.test.context.support.DirtiesContextTestExecutionListener, org.springframework.test.context.transaction.TransactionalTestExecutionListener, org.springframework.test.context.jdbc.SqlScriptsTestExecutionListener, org.springframework.test.context.event.EventPublishingTestExecutionListener]
2023-03-10 09:17:25 [main] INFO  AbstractTestContextBootstrapper:174 - [] Using TestExecutionListeners: [org.springframework.test.context.web.ServletTestExecutionListener@5c648e38, org.springframework.test.context.support.DirtiesContextBeforeModesTestExecutionListener@6bc8d8bd, org.springframework.test.context.event.ApplicationEventsTestExecutionListener@395c21ee, org.springframework.boot.test.mock.mockito.MockitoTestExecutionListener@1e733bb5, org.springframework.boot.test.autoconfigure.SpringBootDependencyInjectionTestExecutionListener@669e730d, org.springframework.test.context.support.DirtiesContextTestExecutionListener@4b3e4253, org.springframework.test.context.transaction.TransactionalTestExecutionListener@13b5598b, org.springframework.test.context.jdbc.SqlScriptsTestExecutionListener@141c66db, org.springframework.test.context.event.EventPublishingTestExecutionListener@18f794e, org.springframework.boot.test.mock.mockito.ResetMocksTestExecutionListener@389a9ff6, org.springframework.boot.test.autoconfigure.restdocs.RestDocsTestExecutionListener@15af06f, org.springframework.boot.test.autoconfigure.web.client.MockRestServiceServerResetTestExecutionListener@76876421, org.springframework.boot.test.autoconfigure.web.servlet.MockMvcPrintOnlyOnFailureTestExecutionListener@c3836b6, org.springframework.boot.test.autoconfigure.web.servlet.WebDriverTestExecutionListener@60317de8, org.springframework.boot.test.autoconfigure.webservices.client.MockWebServiceServerTestExecutionListener@363e2009]
2023-03-10 09:17:25 [SpringApplicationShutdownHook] INFO  AbstractEntityManagerFactoryBean:651 - [] Closing JPA EntityManagerFactory for persistence unit 'default'
2023-03-10 09:17:25 [SpringApplicationShutdownHook] INFO  HikariDataSource:350 - [] HikariPool-1 - Shutdown initiated...
2023-03-10 09:17:25 [SpringApplicationShutdownHook] INFO  HikariDataSource:352 - [] HikariPool-1 - Shutdown completed.
2023-03-10 09:18:47 [restartedMain] INFO  StartupInfoLogger:55 - [] Starting AbcBankApplication using Java 17.0.4.1 on LTIN419023 with PID 35236 (C:\Users\2153311\workspace-eclipse\ABC-bank\target\classes started by 2153311 in C:\Users\2153311\workspace-eclipse\ABC-bank)
2023-03-10 09:18:47 [restartedMain] INFO  SpringApplication:634 - [] No active profile set, falling back to 1 default profile: "default"
2023-03-10 09:18:47 [restartedMain] INFO  DeferredLog:255 - [] Devtools property defaults active! Set 'spring.devtools.add-properties' to 'false' to disable
2023-03-10 09:18:47 [restartedMain] INFO  DeferredLog:255 - [] For additional web related logging consider setting the 'logging.level.web' property to 'DEBUG'
2023-03-10 09:18:48 [restartedMain] INFO  RepositoryConfigurationDelegate:132 - [] Bootstrapping Spring Data JPA repositories in DEFAULT mode.
2023-03-10 09:18:48 [restartedMain] INFO  RepositoryConfigurationDelegate:201 - [] Finished Spring Data repository scanning in 55 ms. Found 1 JPA repository interfaces.
2023-03-10 09:18:48 [restartedMain] INFO  TomcatWebServer:108 - [] Tomcat initialized with port(s): 9090 (http)
2023-03-10 09:18:48 [restartedMain] INFO  DirectJDKLog:173 - [] An older version [1.2.23] of the Apache Tomcat Native library is installed, while Tomcat recommends a minimum version of [1.2.30]
2023-03-10 09:18:48 [restartedMain] INFO  DirectJDKLog:173 - [] Loaded Apache Tomcat Native library [1.2.23] using APR version [1.7.0].
2023-03-10 09:18:48 [restartedMain] INFO  DirectJDKLog:173 - [] APR capabilities: IPv6 [true], sendfile [true], accept filters [false], random [true], UDS [false].
2023-03-10 09:18:48 [restartedMain] INFO  DirectJDKLog:173 - [] APR/OpenSSL configuration: useAprConnector [false], useOpenSSL [true]
2023-03-10 09:18:48 [restartedMain] INFO  DirectJDKLog:173 - [] OpenSSL successfully initialized [OpenSSL 1.1.1c  28 May 2019]
2023-03-10 09:18:48 [restartedMain] INFO  DirectJDKLog:173 - [] Starting service [Tomcat]
2023-03-10 09:18:48 [restartedMain] INFO  DirectJDKLog:173 - [] Starting Servlet engine: [Apache Tomcat/9.0.68]
2023-03-10 09:18:49 [restartedMain] INFO  DirectJDKLog:173 - [] Initializing Spring embedded WebApplicationContext
2023-03-10 09:18:49 [restartedMain] INFO  ServletWebServerApplicationContext:292 - [] Root WebApplicationContext: initialization completed in 1379 ms
2023-03-10 09:18:49 [restartedMain] INFO  LogHelper:31 - [] HHH000204: Processing PersistenceUnitInfo [name: default]
2023-03-10 09:18:49 [restartedMain] INFO  Version:44 - [] HHH000412: Hibernate ORM core version 5.6.12.Final
2023-03-10 09:18:49 [restartedMain] INFO  JavaReflectionManager:56 - [] HCANN000001: Hibernate Commons Annotations {5.1.2.Final}
2023-03-10 09:18:49 [restartedMain] INFO  HikariDataSource:110 - [] HikariPool-1 - Starting...
2023-03-10 09:18:49 [restartedMain] INFO  HikariDataSource:123 - [] HikariPool-1 - Start completed.
2023-03-10 09:18:49 [restartedMain] INFO  Dialect:175 - [] HHH000400: Using dialect: org.hibernate.dialect.MySQL8Dialect
2023-03-10 09:18:50 [restartedMain] INFO  JtaPlatformInitiator:52 - [] HHH000490: Using JtaPlatform implementation: [org.hibernate.engine.transaction.jta.platform.internal.NoJtaPlatform]
2023-03-10 09:18:50 [restartedMain] INFO  AbstractEntityManagerFactoryBean:437 - [] Initialized JPA EntityManagerFactory for persistence unit 'default'
2023-03-10 09:18:50 [restartedMain] WARN  JpaBaseConfiguration$JpaWebConfiguration:219 - [] spring.jpa.open-in-view is enabled by default. Therefore, database queries may be performed during view rendering. Explicitly configure spring.jpa.open-in-view to disable this warning
2023-03-10 09:18:51 [restartedMain] INFO  OptionalLiveReloadServer:59 - [] LiveReload server is running on port 35729
2023-03-10 09:18:51 [restartedMain] INFO  TomcatWebServer:220 - [] Tomcat started on port(s): 9090 (http) with context path ''
2023-03-10 09:18:51 [restartedMain] INFO  StartupInfoLogger:61 - [] Started AbcBankApplication in 3.949 seconds (JVM running for 4.752)
2023-03-10 09:19:57 [http-nio-9090-exec-3] INFO  DirectJDKLog:173 - [] Initializing Spring DispatcherServlet 'dispatcherServlet'
2023-03-10 09:19:57 [http-nio-9090-exec-3] INFO  FrameworkServlet:525 - [] Initializing Servlet 'dispatcherServlet'
2023-03-10 09:19:57 [http-nio-9090-exec-3] INFO  FrameworkServlet:547 - [] Completed initialization in 3 ms
2023-03-10 09:19:57 [http-nio-9090-exec-3] INFO  BankController:42 - [] Service testing..
2023-03-10 09:20:03 [http-nio-9090-exec-1] INFO  BankController:53 - [] Adding Bank Account..
2023-03-10 09:20:13 [http-nio-9090-exec-2] INFO  BankController:64 - [] Retrieving Account details by Account No..
2023-03-10 09:20:18 [http-nio-9090-exec-4] INFO  BankController:64 - [] Retrieving Account details by Account No..
2023-03-10 09:20:18 [http-nio-9090-exec-4] ERROR DirectJDKLog:175 - [] Servlet.service() for servlet [dispatcherServlet] in context with path [] threw exception [Request processing failed; nested exception is java.util.NoSuchElementException: No value present] with root cause
java.util.NoSuchElementException: No value present
	at java.base/java.util.Optional.get(Optional.java:143)
	at com.bank.ABCbank.service.BankServiceImpl.getAccountById(BankServiceImpl.java:54)
	at com.bank.ABCbank.controller.BankController.getAccountById(BankController.java:65)
	at java.base/jdk.internal.reflect.NativeMethodAccessorImpl.invoke0(Native Method)
	at java.base/jdk.internal.reflect.NativeMethodAccessorImpl.invoke(NativeMethodAccessorImpl.java:77)
	at java.base/jdk.internal.reflect.DelegatingMethodAccessorImpl.invoke(DelegatingMethodAccessorImpl.java:43)
	at java.base/java.lang.reflect.Method.invoke(Method.java:568)
	at org.springframework.web.method.support.InvocableHandlerMethod.doInvoke(InvocableHandlerMethod.java:205)
	at org.springframework.web.method.support.InvocableHandlerMethod.invokeForRequest(InvocableHandlerMethod.java:150)
	at org.springframework.web.servlet.mvc.method.annotation.ServletInvocableHandlerMethod.invokeAndHandle(ServletInvocableHandlerMethod.java:117)
	at org.springframework.web.servlet.mvc.method.annotation.RequestMappingHandlerAdapter.invokeHandlerMethod(RequestMappingHandlerAdapter.java:895)
	at org.springframework.web.servlet.mvc.method.annotation.RequestMappingHandlerAdapter.handleInternal(RequestMappingHandlerAdapter.java:808)
	at org.springframework.web.servlet.mvc.method.AbstractHandlerMethodAdapter.handle(AbstractHandlerMethodAdapter.java:87)
	at org.springframework.web.servlet.DispatcherServlet.doDispatch(DispatcherServlet.java:1071)
	at org.springframework.web.servlet.DispatcherServlet.doService(DispatcherServlet.java:964)
	at org.springframework.web.servlet.FrameworkServlet.processRequest(FrameworkServlet.java:1006)
	at org.springframework.web.servlet.FrameworkServlet.doGet(FrameworkServlet.java:898)
	at javax.servlet.http.HttpServlet.service(HttpServlet.java:670)
	at org.springframework.web.servlet.FrameworkServlet.service(FrameworkServlet.java:883)
	at javax.servlet.http.HttpServlet.service(HttpServlet.java:779)
	at org.apache.catalina.core.ApplicationFilterChain.internalDoFilter(ApplicationFilterChain.java:227)
	at org.apache.catalina.core.ApplicationFilterChain.doFilter(ApplicationFilterChain.java:162)
	at org.apache.tomcat.websocket.server.WsFilter.doFilter(WsFilter.java:53)
	at org.apache.catalina.core.ApplicationFilterChain.internalDoFilter(ApplicationFilterChain.java:189)
	at org.apache.catalina.core.ApplicationFilterChain.doFilter(ApplicationFilterChain.java:162)
	at org.springframework.web.filter.RequestContextFilter.doFilterInternal(RequestContextFilter.java:100)
	at org.springframework.web.filter.OncePerRequestFilter.doFilter(OncePerRequestFilter.java:117)
	at org.apache.catalina.core.ApplicationFilterChain.internalDoFilter(ApplicationFilterChain.java:189)
	at org.apache.catalina.core.ApplicationFilterChain.doFilter(ApplicationFilterChain.java:162)
	at org.springframework.web.filter.FormContentFilter.doFilterInternal(FormContentFilter.java:93)
	at org.springframework.web.filter.OncePerRequestFilter.doFilter(OncePerRequestFilter.java:117)
	at org.apache.catalina.core.ApplicationFilterChain.internalDoFilter(ApplicationFilterChain.java:189)
	at org.apache.catalina.core.ApplicationFilterChain.doFilter(ApplicationFilterChain.java:162)
	at org.springframework.web.filter.CharacterEncodingFilter.doFilterInternal(CharacterEncodingFilter.java:201)
	at org.springframework.web.filter.OncePerRequestFilter.doFilter(OncePerRequestFilter.java:117)
	at org.apache.catalina.core.ApplicationFilterChain.internalDoFilter(ApplicationFilterChain.java:189)
	at org.apache.catalina.core.ApplicationFilterChain.doFilter(ApplicationFilterChain.java:162)
	at org.apache.catalina.core.StandardWrapperValve.invoke(StandardWrapperValve.java:197)
	at org.apache.catalina.core.StandardContextValve.invoke(StandardContextValve.java:97)
	at org.apache.catalina.authenticator.AuthenticatorBase.invoke(AuthenticatorBase.java:541)
	at org.apache.catalina.core.StandardHostValve.invoke(StandardHostValve.java:135)
	at org.apache.catalina.valves.ErrorReportValve.invoke(ErrorReportValve.java:92)
	at org.apache.catalina.core.StandardEngineValve.invoke(StandardEngineValve.java:78)
	at org.apache.catalina.connector.CoyoteAdapter.service(CoyoteAdapter.java:360)
	at org.apache.coyote.http11.Http11Processor.service(Http11Processor.java:399)
	at org.apache.coyote.AbstractProcessorLight.process(AbstractProcessorLight.java:65)
	at org.apache.coyote.AbstractProtocol$ConnectionHandler.process(AbstractProtocol.java:893)
	at org.apache.tomcat.util.net.NioEndpoint$SocketProcessor.doRun(NioEndpoint.java:1789)
	at org.apache.tomcat.util.net.SocketProcessorBase.run(SocketProcessorBase.java:49)
	at org.apache.tomcat.util.threads.ThreadPoolExecutor.runWorker(ThreadPoolExecutor.java:1191)
	at org.apache.tomcat.util.threads.ThreadPoolExecutor$Worker.run(ThreadPoolExecutor.java:659)
	at org.apache.tomcat.util.threads.TaskThread$WrappingRunnable.run(TaskThread.java:61)
	at java.base/java.lang.Thread.run(Thread.java:833)
2023-03-10 09:23:13 [File Watcher] INFO  LocalDevToolsAutoConfiguration$RestartingClassPathChangeChangedEventListener:213 - [] Restarting due to 1 class path change (0 additions, 0 deletions, 1 modification)
2023-03-10 09:23:13 [Thread-5] INFO  DirectJDKLog:173 - [] Stopping service [Tomcat]
2023-03-10 09:23:13 [Thread-5] INFO  DirectJDKLog:173 - [] Destroying Spring FrameworkServlet 'dispatcherServlet'
2023-03-10 09:23:13 [Thread-5] INFO  AbstractEntityManagerFactoryBean:651 - [] Closing JPA EntityManagerFactory for persistence unit 'default'
2023-03-10 09:23:13 [Thread-5] INFO  HikariDataSource:350 - [] HikariPool-1 - Shutdown initiated...
2023-03-10 09:23:13 [Thread-5] INFO  HikariDataSource:352 - [] HikariPool-1 - Shutdown completed.
2023-03-10 09:23:13 [restartedMain] INFO  StartupInfoLogger:55 - [] Starting AbcBankApplication using Java 17.0.4.1 on LTIN419023 with PID 35236 (C:\Users\2153311\workspace-eclipse\ABC-bank\target\classes started by 2153311 in C:\Users\2153311\workspace-eclipse\ABC-bank)
2023-03-10 09:23:13 [restartedMain] INFO  SpringApplication:634 - [] No active profile set, falling back to 1 default profile: "default"
2023-03-10 09:23:13 [restartedMain] INFO  RepositoryConfigurationDelegate:132 - [] Bootstrapping Spring Data JPA repositories in DEFAULT mode.
2023-03-10 09:23:13 [restartedMain] INFO  RepositoryConfigurationDelegate:201 - [] Finished Spring Data repository scanning in 15 ms. Found 1 JPA repository interfaces.
2023-03-10 09:23:13 [restartedMain] INFO  TomcatWebServer:108 - [] Tomcat initialized with port(s): 9090 (http)
2023-03-10 09:23:13 [restartedMain] INFO  DirectJDKLog:173 - [] An older version [1.2.23] of the Apache Tomcat Native library is installed, while Tomcat recommends a minimum version of [1.2.30]
2023-03-10 09:23:13 [restartedMain] INFO  DirectJDKLog:173 - [] Loaded Apache Tomcat Native library [1.2.23] using APR version [1.7.0].
2023-03-10 09:23:13 [restartedMain] INFO  DirectJDKLog:173 - [] APR capabilities: IPv6 [true], sendfile [true], accept filters [false], random [true], UDS [false].
2023-03-10 09:23:13 [restartedMain] INFO  DirectJDKLog:173 - [] APR/OpenSSL configuration: useAprConnector [false], useOpenSSL [true]
2023-03-10 09:23:13 [restartedMain] INFO  DirectJDKLog:173 - [] OpenSSL successfully initialized [OpenSSL 1.1.1c  28 May 2019]
2023-03-10 09:23:13 [restartedMain] INFO  DirectJDKLog:173 - [] Starting service [Tomcat]
2023-03-10 09:23:13 [restartedMain] INFO  DirectJDKLog:173 - [] Starting Servlet engine: [Apache Tomcat/9.0.68]
2023-03-10 09:23:13 [restartedMain] INFO  DirectJDKLog:173 - [] Initializing Spring embedded WebApplicationContext
2023-03-10 09:23:13 [restartedMain] INFO  ServletWebServerApplicationContext:292 - [] Root WebApplicationContext: initialization completed in 330 ms
2023-03-10 09:23:13 [restartedMain] INFO  LogHelper:31 - [] HHH000204: Processing PersistenceUnitInfo [name: default]
2023-03-10 09:23:13 [restartedMain] INFO  HikariDataSource:110 - [] HikariPool-2 - Starting...
2023-03-10 09:23:13 [restartedMain] INFO  HikariDataSource:123 - [] HikariPool-2 - Start completed.
2023-03-10 09:23:13 [restartedMain] INFO  Dialect:175 - [] HHH000400: Using dialect: org.hibernate.dialect.MySQL8Dialect
2023-03-10 09:23:13 [restartedMain] INFO  JtaPlatformInitiator:52 - [] HHH000490: Using JtaPlatform implementation: [org.hibernate.engine.transaction.jta.platform.internal.NoJtaPlatform]
2023-03-10 09:23:13 [restartedMain] INFO  AbstractEntityManagerFactoryBean:437 - [] Initialized JPA EntityManagerFactory for persistence unit 'default'
2023-03-10 09:23:13 [restartedMain] WARN  JpaBaseConfiguration$JpaWebConfiguration:219 - [] spring.jpa.open-in-view is enabled by default. Therefore, database queries may be performed during view rendering. Explicitly configure spring.jpa.open-in-view to disable this warning
2023-03-10 09:23:14 [restartedMain] INFO  OptionalLiveReloadServer:59 - [] LiveReload server is running on port 35729
2023-03-10 09:23:14 [restartedMain] INFO  TomcatWebServer:220 - [] Tomcat started on port(s): 9090 (http) with context path ''
2023-03-10 09:23:14 [restartedMain] INFO  StartupInfoLogger:61 - [] Started AbcBankApplication in 0.762 seconds (JVM running for 267.63)
2023-03-10 09:23:14 [restartedMain] INFO  ConditionEvaluationDeltaLoggingListener:63 - [] Condition evaluation unchanged
2023-03-10 09:23:19 [File Watcher] INFO  LocalDevToolsAutoConfiguration$RestartingClassPathChangeChangedEventListener:213 - [] Restarting due to 3 class path changes (0 additions, 0 deletions, 3 modifications)
2023-03-10 09:23:19 [Thread-7] INFO  DirectJDKLog:173 - [] Stopping service [Tomcat]
2023-03-10 09:23:19 [Thread-7] INFO  AbstractEntityManagerFactoryBean:651 - [] Closing JPA EntityManagerFactory for persistence unit 'default'
2023-03-10 09:23:19 [Thread-7] INFO  HikariDataSource:350 - [] HikariPool-2 - Shutdown initiated...
2023-03-10 09:23:19 [Thread-7] INFO  HikariDataSource:352 - [] HikariPool-2 - Shutdown completed.
2023-03-10 09:23:19 [restartedMain] INFO  StartupInfoLogger:55 - [] Starting AbcBankApplication using Java 17.0.4.1 on LTIN419023 with PID 35236 (C:\Users\2153311\workspace-eclipse\ABC-bank\target\classes started by 2153311 in C:\Users\2153311\workspace-eclipse\ABC-bank)
2023-03-10 09:23:19 [restartedMain] INFO  SpringApplication:634 - [] No active profile set, falling back to 1 default profile: "default"
2023-03-10 09:23:19 [restartedMain] INFO  RepositoryConfigurationDelegate:132 - [] Bootstrapping Spring Data JPA repositories in DEFAULT mode.
2023-03-10 09:23:19 [restartedMain] INFO  RepositoryConfigurationDelegate:201 - [] Finished Spring Data repository scanning in 12 ms. Found 1 JPA repository interfaces.
2023-03-10 09:23:19 [restartedMain] INFO  TomcatWebServer:108 - [] Tomcat initialized with port(s): 9090 (http)
2023-03-10 09:23:19 [restartedMain] INFO  DirectJDKLog:173 - [] An older version [1.2.23] of the Apache Tomcat Native library is installed, while Tomcat recommends a minimum version of [1.2.30]
2023-03-10 09:23:19 [restartedMain] INFO  DirectJDKLog:173 - [] Loaded Apache Tomcat Native library [1.2.23] using APR version [1.7.0].
2023-03-10 09:23:19 [restartedMain] INFO  DirectJDKLog:173 - [] APR capabilities: IPv6 [true], sendfile [true], accept filters [false], random [true], UDS [false].
2023-03-10 09:23:19 [restartedMain] INFO  DirectJDKLog:173 - [] APR/OpenSSL configuration: useAprConnector [false], useOpenSSL [true]
2023-03-10 09:23:19 [restartedMain] INFO  DirectJDKLog:173 - [] OpenSSL successfully initialized [OpenSSL 1.1.1c  28 May 2019]
2023-03-10 09:23:19 [restartedMain] INFO  DirectJDKLog:173 - [] Starting service [Tomcat]
2023-03-10 09:23:19 [restartedMain] INFO  DirectJDKLog:173 - [] Starting Servlet engine: [Apache Tomcat/9.0.68]
2023-03-10 09:23:19 [restartedMain] INFO  DirectJDKLog:173 - [] Initializing Spring embedded WebApplicationContext
2023-03-10 09:23:19 [restartedMain] INFO  ServletWebServerApplicationContext:292 - [] Root WebApplicationContext: initialization completed in 248 ms
2023-03-10 09:23:19 [restartedMain] INFO  LogHelper:31 - [] HHH000204: Processing PersistenceUnitInfo [name: default]
2023-03-10 09:23:19 [restartedMain] INFO  HikariDataSource:110 - [] HikariPool-3 - Starting...
2023-03-10 09:23:19 [restartedMain] INFO  HikariDataSource:123 - [] HikariPool-3 - Start completed.
2023-03-10 09:23:19 [restartedMain] INFO  Dialect:175 - [] HHH000400: Using dialect: org.hibernate.dialect.MySQL8Dialect
2023-03-10 09:23:20 [restartedMain] INFO  JtaPlatformInitiator:52 - [] HHH000490: Using JtaPlatform implementation: [org.hibernate.engine.transaction.jta.platform.internal.NoJtaPlatform]
2023-03-10 09:23:20 [restartedMain] INFO  AbstractEntityManagerFactoryBean:437 - [] Initialized JPA EntityManagerFactory for persistence unit 'default'
2023-03-10 09:23:20 [restartedMain] WARN  JpaBaseConfiguration$JpaWebConfiguration:219 - [] spring.jpa.open-in-view is enabled by default. Therefore, database queries may be performed during view rendering. Explicitly configure spring.jpa.open-in-view to disable this warning
2023-03-10 09:23:20 [restartedMain] INFO  OptionalLiveReloadServer:59 - [] LiveReload server is running on port 35729
2023-03-10 09:23:20 [restartedMain] INFO  TomcatWebServer:220 - [] Tomcat started on port(s): 9090 (http) with context path ''
2023-03-10 09:23:20 [restartedMain] INFO  StartupInfoLogger:61 - [] Started AbcBankApplication in 0.513 seconds (JVM running for 273.666)
2023-03-10 09:23:20 [restartedMain] INFO  ConditionEvaluationDeltaLoggingListener:63 - [] Condition evaluation unchanged
2023-03-10 09:23:20 [http-nio-9090-exec-1] INFO  DirectJDKLog:173 - [] Initializing Spring DispatcherServlet 'dispatcherServlet'
2023-03-10 09:23:20 [http-nio-9090-exec-1] INFO  FrameworkServlet:525 - [] Initializing Servlet 'dispatcherServlet'
2023-03-10 09:23:20 [http-nio-9090-exec-1] INFO  FrameworkServlet:547 - [] Completed initialization in 1 ms
2023-03-10 09:23:20 [http-nio-9090-exec-1] INFO  BankController:42 - [] Service testing..
2023-03-10 09:23:23 [http-nio-9090-exec-2] INFO  BankController:64 - [] Retrieving Account details by Account No..
2023-03-10 09:23:23 [http-nio-9090-exec-2] WARN  AbstractHandlerExceptionResolver:208 - [] Resolved [com.bank.ABCbank.exception.BankAccountNotFoundException: No Bank account found with account no: 543216736]
2023-03-10 09:23:44 [main] INFO  StartupInfoLogger:55 - [] Starting BankMapperTest using Java 17.0.4.1 on LTIN419023 with PID 76948 (started by 2153311 in C:\Users\2153311\workspace-eclipse\ABC-bank)
2023-03-10 09:23:44 [main] INFO  SpringApplication:634 - [] No active profile set, falling back to 1 default profile: "default"
2023-03-10 09:23:45 [main] INFO  RepositoryConfigurationDelegate:132 - [] Bootstrapping Spring Data JPA repositories in DEFAULT mode.
2023-03-10 09:23:45 [main] INFO  RepositoryConfigurationDelegate:201 - [] Finished Spring Data repository scanning in 78 ms. Found 1 JPA repository interfaces.
2023-03-10 09:23:46 [main] INFO  LogHelper:31 - [] HHH000204: Processing PersistenceUnitInfo [name: default]
2023-03-10 09:23:47 [main] INFO  Version:44 - [] HHH000412: Hibernate ORM core version 5.6.12.Final
2023-03-10 09:23:47 [main] INFO  JavaReflectionManager:56 - [] HCANN000001: Hibernate Commons Annotations {5.1.2.Final}
2023-03-10 09:23:47 [main] INFO  HikariDataSource:110 - [] HikariPool-1 - Starting...
2023-03-10 09:23:48 [main] INFO  HikariDataSource:123 - [] HikariPool-1 - Start completed.
2023-03-10 09:23:48 [main] INFO  Dialect:175 - [] HHH000400: Using dialect: org.hibernate.dialect.MySQL8Dialect
2023-03-10 09:23:49 [main] INFO  JtaPlatformInitiator:52 - [] HHH000490: Using JtaPlatform implementation: [org.hibernate.engine.transaction.jta.platform.internal.NoJtaPlatform]
2023-03-10 09:23:49 [main] INFO  AbstractEntityManagerFactoryBean:437 - [] Initialized JPA EntityManagerFactory for persistence unit 'default'
2023-03-10 09:23:50 [main] WARN  JpaBaseConfiguration$JpaWebConfiguration:219 - [] spring.jpa.open-in-view is enabled by default. Therefore, database queries may be performed during view rendering. Explicitly configure spring.jpa.open-in-view to disable this warning
2023-03-10 09:23:51 [main] INFO  StartupInfoLogger:61 - [] Started BankMapperTest in 7.439 seconds (JVM running for 9.062)
2023-03-10 09:23:51 [main] INFO  AbstractTestContextBootstrapper:305 - [] Neither @ContextConfiguration nor @ContextHierarchy found for test class [com.bank.ABCbank.AbcBankApplicationTests], using SpringBootContextLoader
2023-03-10 09:23:51 [main] INFO  AbstractContextLoader:264 - [] Could not detect default resource locations for test class [com.bank.ABCbank.AbcBankApplicationTests]: no resource found for suffixes {-context.xml, Context.groovy}.
2023-03-10 09:23:51 [main] INFO  AnnotationConfigContextLoaderUtils:83 - [] Could not detect default configuration classes for test class [com.bank.ABCbank.AbcBankApplicationTests]: AbcBankApplicationTests does not declare any static, non-private, non-final, nested classes annotated with @Configuration.
2023-03-10 09:23:51 [main] INFO  SpringBootTestContextBootstrapper:238 - [] Found @SpringBootConfiguration com.bank.ABCbank.AbcBankApplication for test class com.bank.ABCbank.AbcBankApplicationTests
2023-03-10 09:23:51 [main] INFO  AbstractTestContextBootstrapper:245 - [] Loaded default TestExecutionListener class names from location [META-INF/spring.factories]: [org.springframework.boot.test.mock.mockito.MockitoTestExecutionListener, org.springframework.boot.test.mock.mockito.ResetMocksTestExecutionListener, org.springframework.boot.test.autoconfigure.restdocs.RestDocsTestExecutionListener, org.springframework.boot.test.autoconfigure.web.client.MockRestServiceServerResetTestExecutionListener, org.springframework.boot.test.autoconfigure.web.servlet.MockMvcPrintOnlyOnFailureTestExecutionListener, org.springframework.boot.test.autoconfigure.web.servlet.WebDriverTestExecutionListener, org.springframework.boot.test.autoconfigure.webservices.client.MockWebServiceServerTestExecutionListener, org.springframework.test.context.web.ServletTestExecutionListener, org.springframework.test.context.support.DirtiesContextBeforeModesTestExecutionListener, org.springframework.test.context.event.ApplicationEventsTestExecutionListener, org.springframework.test.context.support.DependencyInjectionTestExecutionListener, org.springframework.test.context.support.DirtiesContextTestExecutionListener, org.springframework.test.context.transaction.TransactionalTestExecutionListener, org.springframework.test.context.jdbc.SqlScriptsTestExecutionListener, org.springframework.test.context.event.EventPublishingTestExecutionListener]
2023-03-10 09:23:51 [main] INFO  AbstractTestContextBootstrapper:174 - [] Using TestExecutionListeners: [org.springframework.test.context.web.ServletTestExecutionListener@72115c48, org.springframework.test.context.support.DirtiesContextBeforeModesTestExecutionListener@1d982fbe, org.springframework.test.context.event.ApplicationEventsTestExecutionListener@3adb4cc8, org.springframework.boot.test.mock.mockito.MockitoTestExecutionListener@779136bf, org.springframework.boot.test.autoconfigure.SpringBootDependencyInjectionTestExecutionListener@f9ac719, org.springframework.test.context.support.DirtiesContextTestExecutionListener@53a3fc8b, org.springframework.test.context.transaction.TransactionalTestExecutionListener@337e573b, org.springframework.test.context.jdbc.SqlScriptsTestExecutionListener@4d24ab25, org.springframework.test.context.event.EventPublishingTestExecutionListener@145f1f97, org.springframework.boot.test.mock.mockito.ResetMocksTestExecutionListener@58d4fe33, org.springframework.boot.test.autoconfigure.restdocs.RestDocsTestExecutionListener@1952ad9d, org.springframework.boot.test.autoconfigure.web.client.MockRestServiceServerResetTestExecutionListener@71c74011, org.springframework.boot.test.autoconfigure.web.servlet.MockMvcPrintOnlyOnFailureTestExecutionListener@1d884a19, org.springframework.boot.test.autoconfigure.web.servlet.WebDriverTestExecutionListener@62d21afd, org.springframework.boot.test.autoconfigure.webservices.client.MockWebServiceServerTestExecutionListener@6ee07d7f]
2023-03-10 09:23:51 [main] INFO  AbstractTestContextBootstrapper:305 - [] Neither @ContextConfiguration nor @ContextHierarchy found for test class [com.bank.ABCbank.service.BankServiceImplTest], using SpringBootContextLoader
2023-03-10 09:23:51 [main] INFO  AbstractContextLoader:264 - [] Could not detect default resource locations for test class [com.bank.ABCbank.service.BankServiceImplTest]: no resource found for suffixes {-context.xml, Context.groovy}.
2023-03-10 09:23:51 [main] INFO  AnnotationConfigContextLoaderUtils:83 - [] Could not detect default configuration classes for test class [com.bank.ABCbank.service.BankServiceImplTest]: BankServiceImplTest does not declare any static, non-private, non-final, nested classes annotated with @Configuration.
2023-03-10 09:23:51 [main] INFO  SpringBootTestContextBootstrapper:238 - [] Found @SpringBootConfiguration com.bank.ABCbank.AbcBankApplication for test class com.bank.ABCbank.service.BankServiceImplTest
2023-03-10 09:23:51 [main] INFO  AbstractTestContextBootstrapper:245 - [] Loaded default TestExecutionListener class names from location [META-INF/spring.factories]: [org.springframework.boot.test.mock.mockito.MockitoTestExecutionListener, org.springframework.boot.test.mock.mockito.ResetMocksTestExecutionListener, org.springframework.boot.test.autoconfigure.restdocs.RestDocsTestExecutionListener, org.springframework.boot.test.autoconfigure.web.client.MockRestServiceServerResetTestExecutionListener, org.springframework.boot.test.autoconfigure.web.servlet.MockMvcPrintOnlyOnFailureTestExecutionListener, org.springframework.boot.test.autoconfigure.web.servlet.WebDriverTestExecutionListener, org.springframework.boot.test.autoconfigure.webservices.client.MockWebServiceServerTestExecutionListener, org.springframework.test.context.web.ServletTestExecutionListener, org.springframework.test.context.support.DirtiesContextBeforeModesTestExecutionListener, org.springframework.test.context.event.ApplicationEventsTestExecutionListener, org.springframework.test.context.support.DependencyInjectionTestExecutionListener, org.springframework.test.context.support.DirtiesContextTestExecutionListener, org.springframework.test.context.transaction.TransactionalTestExecutionListener, org.springframework.test.context.jdbc.SqlScriptsTestExecutionListener, org.springframework.test.context.event.EventPublishingTestExecutionListener]
2023-03-10 09:23:51 [main] INFO  AbstractTestContextBootstrapper:174 - [] Using TestExecutionListeners: [org.springframework.test.context.web.ServletTestExecutionListener@345d641e, org.springframework.test.context.support.DirtiesContextBeforeModesTestExecutionListener@70cdbd18, org.springframework.test.context.event.ApplicationEventsTestExecutionListener@38d895e8, org.springframework.boot.test.mock.mockito.MockitoTestExecutionListener@2f3d5cd, org.springframework.boot.test.autoconfigure.SpringBootDependencyInjectionTestExecutionListener@5dd12c19, org.springframework.test.context.support.DirtiesContextTestExecutionListener@40696fc6, org.springframework.test.context.transaction.TransactionalTestExecutionListener@3ce2c5f6, org.springframework.test.context.jdbc.SqlScriptsTestExecutionListener@20a3321a, org.springframework.test.context.event.EventPublishingTestExecutionListener@744673f3, org.springframework.boot.test.mock.mockito.ResetMocksTestExecutionListener@7f5a25e2, org.springframework.boot.test.autoconfigure.restdocs.RestDocsTestExecutionListener@553d828a, org.springframework.boot.test.autoconfigure.web.client.MockRestServiceServerResetTestExecutionListener@6cb759d5, org.springframework.boot.test.autoconfigure.web.servlet.MockMvcPrintOnlyOnFailureTestExecutionListener@2ba9765b, org.springframework.boot.test.autoconfigure.web.servlet.WebDriverTestExecutionListener@5f233f9, org.springframework.boot.test.autoconfigure.webservices.client.MockWebServiceServerTestExecutionListener@3c62c81f]
2023-03-10 09:23:52 [main] INFO  AbstractTestContextBootstrapper:305 - [] Neither @ContextConfiguration nor @ContextHierarchy found for test class [com.bank.ABCbank.exception.NegativeBalanceAmountExceptionTest], using SpringBootContextLoader
2023-03-10 09:23:52 [main] INFO  AbstractContextLoader:264 - [] Could not detect default resource locations for test class [com.bank.ABCbank.exception.NegativeBalanceAmountExceptionTest]: no resource found for suffixes {-context.xml, Context.groovy}.
2023-03-10 09:23:52 [main] INFO  AnnotationConfigContextLoaderUtils:83 - [] Could not detect default configuration classes for test class [com.bank.ABCbank.exception.NegativeBalanceAmountExceptionTest]: NegativeBalanceAmountExceptionTest does not declare any static, non-private, non-final, nested classes annotated with @Configuration.
2023-03-10 09:23:52 [main] INFO  SpringBootTestContextBootstrapper:238 - [] Found @SpringBootConfiguration com.bank.ABCbank.AbcBankApplication for test class com.bank.ABCbank.exception.NegativeBalanceAmountExceptionTest
2023-03-10 09:23:52 [main] INFO  AbstractTestContextBootstrapper:245 - [] Loaded default TestExecutionListener class names from location [META-INF/spring.factories]: [org.springframework.boot.test.mock.mockito.MockitoTestExecutionListener, org.springframework.boot.test.mock.mockito.ResetMocksTestExecutionListener, org.springframework.boot.test.autoconfigure.restdocs.RestDocsTestExecutionListener, org.springframework.boot.test.autoconfigure.web.client.MockRestServiceServerResetTestExecutionListener, org.springframework.boot.test.autoconfigure.web.servlet.MockMvcPrintOnlyOnFailureTestExecutionListener, org.springframework.boot.test.autoconfigure.web.servlet.WebDriverTestExecutionListener, org.springframework.boot.test.autoconfigure.webservices.client.MockWebServiceServerTestExecutionListener, org.springframework.test.context.web.ServletTestExecutionListener, org.springframework.test.context.support.DirtiesContextBeforeModesTestExecutionListener, org.springframework.test.context.event.ApplicationEventsTestExecutionListener, org.springframework.test.context.support.DependencyInjectionTestExecutionListener, org.springframework.test.context.support.DirtiesContextTestExecutionListener, org.springframework.test.context.transaction.TransactionalTestExecutionListener, org.springframework.test.context.jdbc.SqlScriptsTestExecutionListener, org.springframework.test.context.event.EventPublishingTestExecutionListener]
2023-03-10 09:23:52 [main] INFO  AbstractTestContextBootstrapper:174 - [] Using TestExecutionListeners: [org.springframework.test.context.web.ServletTestExecutionListener@395c21ee, org.springframework.test.context.support.DirtiesContextBeforeModesTestExecutionListener@1e733bb5, org.springframework.test.context.event.ApplicationEventsTestExecutionListener@669e730d, org.springframework.boot.test.mock.mockito.MockitoTestExecutionListener@4b3e4253, org.springframework.boot.test.autoconfigure.SpringBootDependencyInjectionTestExecutionListener@13b5598b, org.springframework.test.context.support.DirtiesContextTestExecutionListener@141c66db, org.springframework.test.context.transaction.TransactionalTestExecutionListener@18f794e, org.springframework.test.context.jdbc.SqlScriptsTestExecutionListener@389a9ff6, org.springframework.test.context.event.EventPublishingTestExecutionListener@15af06f, org.springframework.boot.test.mock.mockito.ResetMocksTestExecutionListener@76876421, org.springframework.boot.test.autoconfigure.restdocs.RestDocsTestExecutionListener@c3836b6, org.springframework.boot.test.autoconfigure.web.client.MockRestServiceServerResetTestExecutionListener@60317de8, org.springframework.boot.test.autoconfigure.web.servlet.MockMvcPrintOnlyOnFailureTestExecutionListener@363e2009, org.springframework.boot.test.autoconfigure.web.servlet.WebDriverTestExecutionListener@7b55fc83, org.springframework.boot.test.autoconfigure.webservices.client.MockWebServiceServerTestExecutionListener@3615f8d9]
2023-03-10 09:23:52 [SpringApplicationShutdownHook] INFO  AbstractEntityManagerFactoryBean:651 - [] Closing JPA EntityManagerFactory for persistence unit 'default'
2023-03-10 09:23:52 [SpringApplicationShutdownHook] INFO  HikariDataSource:350 - [] HikariPool-1 - Shutdown initiated...
2023-03-10 09:23:52 [SpringApplicationShutdownHook] INFO  HikariDataSource:352 - [] HikariPool-1 - Shutdown completed.
2023-03-10 09:24:32 [File Watcher] INFO  LocalDevToolsAutoConfiguration$RestartingClassPathChangeChangedEventListener:213 - [] Restarting due to 1 class path change (0 additions, 0 deletions, 1 modification)
2023-03-10 09:24:32 [Thread-11] INFO  DirectJDKLog:173 - [] Stopping service [Tomcat]
2023-03-10 09:24:32 [Thread-11] INFO  DirectJDKLog:173 - [] Destroying Spring FrameworkServlet 'dispatcherServlet'
2023-03-10 09:24:32 [Thread-11] INFO  AbstractEntityManagerFactoryBean:651 - [] Closing JPA EntityManagerFactory for persistence unit 'default'
2023-03-10 09:24:32 [Thread-11] INFO  HikariDataSource:350 - [] HikariPool-3 - Shutdown initiated...
2023-03-10 09:24:32 [Thread-11] INFO  HikariDataSource:352 - [] HikariPool-3 - Shutdown completed.
2023-03-10 09:24:32 [restartedMain] INFO  StartupInfoLogger:55 - [] Starting AbcBankApplication using Java 17.0.4.1 on LTIN419023 with PID 35236 (C:\Users\2153311\workspace-eclipse\ABC-bank\target\classes started by 2153311 in C:\Users\2153311\workspace-eclipse\ABC-bank)
2023-03-10 09:24:32 [restartedMain] INFO  SpringApplication:634 - [] No active profile set, falling back to 1 default profile: "default"
2023-03-10 09:24:32 [restartedMain] INFO  RepositoryConfigurationDelegate:132 - [] Bootstrapping Spring Data JPA repositories in DEFAULT mode.
2023-03-10 09:24:32 [restartedMain] INFO  RepositoryConfigurationDelegate:201 - [] Finished Spring Data repository scanning in 13 ms. Found 1 JPA repository interfaces.
2023-03-10 09:24:32 [restartedMain] INFO  TomcatWebServer:108 - [] Tomcat initialized with port(s): 9090 (http)
2023-03-10 09:24:32 [restartedMain] INFO  DirectJDKLog:173 - [] An older version [1.2.23] of the Apache Tomcat Native library is installed, while Tomcat recommends a minimum version of [1.2.30]
2023-03-10 09:24:32 [restartedMain] INFO  DirectJDKLog:173 - [] Loaded Apache Tomcat Native library [1.2.23] using APR version [1.7.0].
2023-03-10 09:24:32 [restartedMain] INFO  DirectJDKLog:173 - [] APR capabilities: IPv6 [true], sendfile [true], accept filters [false], random [true], UDS [false].
2023-03-10 09:24:32 [restartedMain] INFO  DirectJDKLog:173 - [] APR/OpenSSL configuration: useAprConnector [false], useOpenSSL [true]
2023-03-10 09:24:32 [restartedMain] INFO  DirectJDKLog:173 - [] OpenSSL successfully initialized [OpenSSL 1.1.1c  28 May 2019]
2023-03-10 09:24:32 [restartedMain] INFO  DirectJDKLog:173 - [] Starting service [Tomcat]
2023-03-10 09:24:32 [restartedMain] INFO  DirectJDKLog:173 - [] Starting Servlet engine: [Apache Tomcat/9.0.68]
2023-03-10 09:24:32 [restartedMain] INFO  DirectJDKLog:173 - [] Initializing Spring embedded WebApplicationContext
2023-03-10 09:24:32 [restartedMain] INFO  ServletWebServerApplicationContext:292 - [] Root WebApplicationContext: initialization completed in 252 ms
2023-03-10 09:24:32 [restartedMain] INFO  LogHelper:31 - [] HHH000204: Processing PersistenceUnitInfo [name: default]
2023-03-10 09:24:32 [restartedMain] INFO  HikariDataSource:110 - [] HikariPool-4 - Starting...
2023-03-10 09:24:32 [restartedMain] INFO  HikariDataSource:123 - [] HikariPool-4 - Start completed.
2023-03-10 09:24:32 [restartedMain] INFO  Dialect:175 - [] HHH000400: Using dialect: org.hibernate.dialect.MySQL8Dialect
2023-03-10 09:24:32 [restartedMain] INFO  JtaPlatformInitiator:52 - [] HHH000490: Using JtaPlatform implementation: [org.hibernate.engine.transaction.jta.platform.internal.NoJtaPlatform]
2023-03-10 09:24:32 [restartedMain] INFO  AbstractEntityManagerFactoryBean:437 - [] Initialized JPA EntityManagerFactory for persistence unit 'default'
2023-03-10 09:24:32 [restartedMain] WARN  JpaBaseConfiguration$JpaWebConfiguration:219 - [] spring.jpa.open-in-view is enabled by default. Therefore, database queries may be performed during view rendering. Explicitly configure spring.jpa.open-in-view to disable this warning
2023-03-10 09:24:33 [restartedMain] INFO  OptionalLiveReloadServer:59 - [] LiveReload server is running on port 35729
2023-03-10 09:24:33 [restartedMain] INFO  TomcatWebServer:220 - [] Tomcat started on port(s): 9090 (http) with context path ''
2023-03-10 09:24:33 [restartedMain] INFO  StartupInfoLogger:61 - [] Started AbcBankApplication in 0.482 seconds (JVM running for 346.559)
2023-03-10 09:24:33 [restartedMain] INFO  ConditionEvaluationDeltaLoggingListener:63 - [] Condition evaluation unchanged
2023-03-10 09:25:06 [File Watcher] INFO  LocalDevToolsAutoConfiguration$RestartingClassPathChangeChangedEventListener:213 - [] Restarting due to 1 class path change (0 additions, 0 deletions, 1 modification)
2023-03-10 09:25:06 [Thread-15] INFO  DirectJDKLog:173 - [] Stopping service [Tomcat]
2023-03-10 09:25:06 [Thread-15] INFO  AbstractEntityManagerFactoryBean:651 - [] Closing JPA EntityManagerFactory for persistence unit 'default'
2023-03-10 09:25:06 [Thread-15] INFO  HikariDataSource:350 - [] HikariPool-4 - Shutdown initiated...
2023-03-10 09:25:06 [Thread-15] INFO  HikariDataSource:352 - [] HikariPool-4 - Shutdown completed.
2023-03-10 09:25:06 [restartedMain] INFO  StartupInfoLogger:55 - [] Starting AbcBankApplication using Java 17.0.4.1 on LTIN419023 with PID 35236 (C:\Users\2153311\workspace-eclipse\ABC-bank\target\classes started by 2153311 in C:\Users\2153311\workspace-eclipse\ABC-bank)
2023-03-10 09:25:06 [restartedMain] INFO  SpringApplication:634 - [] No active profile set, falling back to 1 default profile: "default"
2023-03-10 09:25:06 [restartedMain] INFO  RepositoryConfigurationDelegate:132 - [] Bootstrapping Spring Data JPA repositories in DEFAULT mode.
2023-03-10 09:25:06 [restartedMain] INFO  RepositoryConfigurationDelegate:201 - [] Finished Spring Data repository scanning in 12 ms. Found 1 JPA repository interfaces.
2023-03-10 09:25:06 [restartedMain] INFO  TomcatWebServer:108 - [] Tomcat initialized with port(s): 9090 (http)
2023-03-10 09:25:06 [restartedMain] INFO  DirectJDKLog:173 - [] An older version [1.2.23] of the Apache Tomcat Native library is installed, while Tomcat recommends a minimum version of [1.2.30]
2023-03-10 09:25:06 [restartedMain] INFO  DirectJDKLog:173 - [] Loaded Apache Tomcat Native library [1.2.23] using APR version [1.7.0].
2023-03-10 09:25:06 [restartedMain] INFO  DirectJDKLog:173 - [] APR capabilities: IPv6 [true], sendfile [true], accept filters [false], random [true], UDS [false].
2023-03-10 09:25:06 [restartedMain] INFO  DirectJDKLog:173 - [] APR/OpenSSL configuration: useAprConnector [false], useOpenSSL [true]
2023-03-10 09:25:06 [restartedMain] INFO  DirectJDKLog:173 - [] OpenSSL successfully initialized [OpenSSL 1.1.1c  28 May 2019]
2023-03-10 09:25:06 [restartedMain] INFO  DirectJDKLog:173 - [] Starting service [Tomcat]
2023-03-10 09:25:06 [restartedMain] INFO  DirectJDKLog:173 - [] Starting Servlet engine: [Apache Tomcat/9.0.68]
2023-03-10 09:25:06 [restartedMain] INFO  DirectJDKLog:173 - [] Initializing Spring embedded WebApplicationContext
2023-03-10 09:25:06 [restartedMain] INFO  ServletWebServerApplicationContext:292 - [] Root WebApplicationContext: initialization completed in 243 ms
2023-03-10 09:25:06 [restartedMain] INFO  LogHelper:31 - [] HHH000204: Processing PersistenceUnitInfo [name: default]
2023-03-10 09:25:06 [restartedMain] INFO  HikariDataSource:110 - [] HikariPool-5 - Starting...
2023-03-10 09:25:06 [restartedMain] INFO  HikariDataSource:123 - [] HikariPool-5 - Start completed.
2023-03-10 09:25:06 [restartedMain] INFO  Dialect:175 - [] HHH000400: Using dialect: org.hibernate.dialect.MySQL8Dialect
2023-03-10 09:25:06 [restartedMain] INFO  JtaPlatformInitiator:52 - [] HHH000490: Using JtaPlatform implementation: [org.hibernate.engine.transaction.jta.platform.internal.NoJtaPlatform]
2023-03-10 09:25:06 [restartedMain] INFO  AbstractEntityManagerFactoryBean:437 - [] Initialized JPA EntityManagerFactory for persistence unit 'default'
2023-03-10 09:25:06 [restartedMain] WARN  JpaBaseConfiguration$JpaWebConfiguration:219 - [] spring.jpa.open-in-view is enabled by default. Therefore, database queries may be performed during view rendering. Explicitly configure spring.jpa.open-in-view to disable this warning
2023-03-10 09:25:06 [restartedMain] INFO  OptionalLiveReloadServer:59 - [] LiveReload server is running on port 35729
2023-03-10 09:25:06 [restartedMain] INFO  TomcatWebServer:220 - [] Tomcat started on port(s): 9090 (http) with context path ''
2023-03-10 09:25:06 [restartedMain] INFO  StartupInfoLogger:61 - [] Started AbcBankApplication in 0.528 seconds (JVM running for 380.175)
2023-03-10 09:25:06 [restartedMain] INFO  ConditionEvaluationDeltaLoggingListener:63 - [] Condition evaluation unchanged
2023-03-10 09:25:28 [main] INFO  StartupInfoLogger:55 - [] Starting BankMapperTest using Java 17.0.4.1 on LTIN419023 with PID 15048 (started by 2153311 in C:\Users\2153311\workspace-eclipse\ABC-bank)
2023-03-10 09:25:28 [main] INFO  SpringApplication:634 - [] No active profile set, falling back to 1 default profile: "default"
2023-03-10 09:25:29 [main] INFO  RepositoryConfigurationDelegate:132 - [] Bootstrapping Spring Data JPA repositories in DEFAULT mode.
2023-03-10 09:25:29 [main] INFO  RepositoryConfigurationDelegate:201 - [] Finished Spring Data repository scanning in 58 ms. Found 1 JPA repository interfaces.
2023-03-10 09:25:30 [main] INFO  LogHelper:31 - [] HHH000204: Processing PersistenceUnitInfo [name: default]
2023-03-10 09:25:30 [main] INFO  Version:44 - [] HHH000412: Hibernate ORM core version 5.6.12.Final
2023-03-10 09:25:30 [main] INFO  JavaReflectionManager:56 - [] HCANN000001: Hibernate Commons Annotations {5.1.2.Final}
2023-03-10 09:25:30 [main] INFO  HikariDataSource:110 - [] HikariPool-1 - Starting...
2023-03-10 09:25:31 [main] INFO  HikariDataSource:123 - [] HikariPool-1 - Start completed.
2023-03-10 09:25:31 [main] INFO  Dialect:175 - [] HHH000400: Using dialect: org.hibernate.dialect.MySQL8Dialect
2023-03-10 09:25:31 [main] INFO  JtaPlatformInitiator:52 - [] HHH000490: Using JtaPlatform implementation: [org.hibernate.engine.transaction.jta.platform.internal.NoJtaPlatform]
2023-03-10 09:25:32 [main] INFO  AbstractEntityManagerFactoryBean:437 - [] Initialized JPA EntityManagerFactory for persistence unit 'default'
2023-03-10 09:25:32 [main] WARN  JpaBaseConfiguration$JpaWebConfiguration:219 - [] spring.jpa.open-in-view is enabled by default. Therefore, database queries may be performed during view rendering. Explicitly configure spring.jpa.open-in-view to disable this warning
2023-03-10 09:25:33 [main] INFO  StartupInfoLogger:61 - [] Started BankMapperTest in 4.98 seconds (JVM running for 6.131)
2023-03-10 09:25:33 [main] INFO  AbstractTestContextBootstrapper:305 - [] Neither @ContextConfiguration nor @ContextHierarchy found for test class [com.bank.ABCbank.AbcBankApplicationTests], using SpringBootContextLoader
2023-03-10 09:25:33 [main] INFO  AbstractContextLoader:264 - [] Could not detect default resource locations for test class [com.bank.ABCbank.AbcBankApplicationTests]: no resource found for suffixes {-context.xml, Context.groovy}.
2023-03-10 09:25:33 [main] INFO  AnnotationConfigContextLoaderUtils:83 - [] Could not detect default configuration classes for test class [com.bank.ABCbank.AbcBankApplicationTests]: AbcBankApplicationTests does not declare any static, non-private, non-final, nested classes annotated with @Configuration.
2023-03-10 09:25:33 [main] INFO  SpringBootTestContextBootstrapper:238 - [] Found @SpringBootConfiguration com.bank.ABCbank.AbcBankApplication for test class com.bank.ABCbank.AbcBankApplicationTests
2023-03-10 09:25:33 [main] INFO  AbstractTestContextBootstrapper:245 - [] Loaded default TestExecutionListener class names from location [META-INF/spring.factories]: [org.springframework.boot.test.mock.mockito.MockitoTestExecutionListener, org.springframework.boot.test.mock.mockito.ResetMocksTestExecutionListener, org.springframework.boot.test.autoconfigure.restdocs.RestDocsTestExecutionListener, org.springframework.boot.test.autoconfigure.web.client.MockRestServiceServerResetTestExecutionListener, org.springframework.boot.test.autoconfigure.web.servlet.MockMvcPrintOnlyOnFailureTestExecutionListener, org.springframework.boot.test.autoconfigure.web.servlet.WebDriverTestExecutionListener, org.springframework.boot.test.autoconfigure.webservices.client.MockWebServiceServerTestExecutionListener, org.springframework.test.context.web.ServletTestExecutionListener, org.springframework.test.context.support.DirtiesContextBeforeModesTestExecutionListener, org.springframework.test.context.event.ApplicationEventsTestExecutionListener, org.springframework.test.context.support.DependencyInjectionTestExecutionListener, org.springframework.test.context.support.DirtiesContextTestExecutionListener, org.springframework.test.context.transaction.TransactionalTestExecutionListener, org.springframework.test.context.jdbc.SqlScriptsTestExecutionListener, org.springframework.test.context.event.EventPublishingTestExecutionListener]
2023-03-10 09:25:33 [main] INFO  AbstractTestContextBootstrapper:174 - [] Using TestExecutionListeners: [org.springframework.test.context.web.ServletTestExecutionListener@2e3b4394, org.springframework.test.context.support.DirtiesContextBeforeModesTestExecutionListener@70ccb3bf, org.springframework.test.context.event.ApplicationEventsTestExecutionListener@10ffe32f, org.springframework.boot.test.mock.mockito.MockitoTestExecutionListener@13868c41, org.springframework.boot.test.autoconfigure.SpringBootDependencyInjectionTestExecutionListener@67d55a46, org.springframework.test.context.support.DirtiesContextTestExecutionListener@72115c48, org.springframework.test.context.transaction.TransactionalTestExecutionListener@1d982fbe, org.springframework.test.context.jdbc.SqlScriptsTestExecutionListener@3adb4cc8, org.springframework.test.context.event.EventPublishingTestExecutionListener@779136bf, org.springframework.boot.test.mock.mockito.ResetMocksTestExecutionListener@f9ac719, org.springframework.boot.test.autoconfigure.restdocs.RestDocsTestExecutionListener@53a3fc8b, org.springframework.boot.test.autoconfigure.web.client.MockRestServiceServerResetTestExecutionListener@337e573b, org.springframework.boot.test.autoconfigure.web.servlet.MockMvcPrintOnlyOnFailureTestExecutionListener@4d24ab25, org.springframework.boot.test.autoconfigure.web.servlet.WebDriverTestExecutionListener@145f1f97, org.springframework.boot.test.autoconfigure.webservices.client.MockWebServiceServerTestExecutionListener@58d4fe33]
2023-03-10 09:25:33 [main] INFO  AbstractTestContextBootstrapper:305 - [] Neither @ContextConfiguration nor @ContextHierarchy found for test class [com.bank.ABCbank.service.BankServiceImplTest], using SpringBootContextLoader
2023-03-10 09:25:33 [main] INFO  AbstractContextLoader:264 - [] Could not detect default resource locations for test class [com.bank.ABCbank.service.BankServiceImplTest]: no resource found for suffixes {-context.xml, Context.groovy}.
2023-03-10 09:25:33 [main] INFO  AnnotationConfigContextLoaderUtils:83 - [] Could not detect default configuration classes for test class [com.bank.ABCbank.service.BankServiceImplTest]: BankServiceImplTest does not declare any static, non-private, non-final, nested classes annotated with @Configuration.
2023-03-10 09:25:33 [main] INFO  SpringBootTestContextBootstrapper:238 - [] Found @SpringBootConfiguration com.bank.ABCbank.AbcBankApplication for test class com.bank.ABCbank.service.BankServiceImplTest
2023-03-10 09:25:33 [main] INFO  AbstractTestContextBootstrapper:245 - [] Loaded default TestExecutionListener class names from location [META-INF/spring.factories]: [org.springframework.boot.test.mock.mockito.MockitoTestExecutionListener, org.springframework.boot.test.mock.mockito.ResetMocksTestExecutionListener, org.springframework.boot.test.autoconfigure.restdocs.RestDocsTestExecutionListener, org.springframework.boot.test.autoconfigure.web.client.MockRestServiceServerResetTestExecutionListener, org.springframework.boot.test.autoconfigure.web.servlet.MockMvcPrintOnlyOnFailureTestExecutionListener, org.springframework.boot.test.autoconfigure.web.servlet.WebDriverTestExecutionListener, org.springframework.boot.test.autoconfigure.webservices.client.MockWebServiceServerTestExecutionListener, org.springframework.test.context.web.ServletTestExecutionListener, org.springframework.test.context.support.DirtiesContextBeforeModesTestExecutionListener, org.springframework.test.context.event.ApplicationEventsTestExecutionListener, org.springframework.test.context.support.DependencyInjectionTestExecutionListener, org.springframework.test.context.support.DirtiesContextTestExecutionListener, org.springframework.test.context.transaction.TransactionalTestExecutionListener, org.springframework.test.context.jdbc.SqlScriptsTestExecutionListener, org.springframework.test.context.event.EventPublishingTestExecutionListener]
2023-03-10 09:25:33 [main] INFO  AbstractTestContextBootstrapper:174 - [] Using TestExecutionListeners: [org.springframework.test.context.web.ServletTestExecutionListener@188ab96, org.springframework.test.context.support.DirtiesContextBeforeModesTestExecutionListener@6705fb02, org.springframework.test.context.event.ApplicationEventsTestExecutionListener@e2696e8, org.springframework.boot.test.mock.mockito.MockitoTestExecutionListener@345d641e, org.springframework.boot.test.autoconfigure.SpringBootDependencyInjectionTestExecutionListener@70cdbd18, org.springframework.test.context.support.DirtiesContextTestExecutionListener@38d895e8, org.springframework.test.context.transaction.TransactionalTestExecutionListener@2f3d5cd, org.springframework.test.context.jdbc.SqlScriptsTestExecutionListener@5dd12c19, org.springframework.test.context.event.EventPublishingTestExecutionListener@40696fc6, org.springframework.boot.test.mock.mockito.ResetMocksTestExecutionListener@3ce2c5f6, org.springframework.boot.test.autoconfigure.restdocs.RestDocsTestExecutionListener@20a3321a, org.springframework.boot.test.autoconfigure.web.client.MockRestServiceServerResetTestExecutionListener@744673f3, org.springframework.boot.test.autoconfigure.web.servlet.MockMvcPrintOnlyOnFailureTestExecutionListener@7f5a25e2, org.springframework.boot.test.autoconfigure.web.servlet.WebDriverTestExecutionListener@553d828a, org.springframework.boot.test.autoconfigure.webservices.client.MockWebServiceServerTestExecutionListener@6cb759d5]
2023-03-10 09:25:34 [main] INFO  AbstractTestContextBootstrapper:305 - [] Neither @ContextConfiguration nor @ContextHierarchy found for test class [com.bank.ABCbank.exception.NegativeBalanceAmountExceptionTest], using SpringBootContextLoader
2023-03-10 09:25:34 [main] INFO  AbstractContextLoader:264 - [] Could not detect default resource locations for test class [com.bank.ABCbank.exception.NegativeBalanceAmountExceptionTest]: no resource found for suffixes {-context.xml, Context.groovy}.
2023-03-10 09:25:34 [main] INFO  AnnotationConfigContextLoaderUtils:83 - [] Could not detect default configuration classes for test class [com.bank.ABCbank.exception.NegativeBalanceAmountExceptionTest]: NegativeBalanceAmountExceptionTest does not declare any static, non-private, non-final, nested classes annotated with @Configuration.
2023-03-10 09:25:34 [main] INFO  SpringBootTestContextBootstrapper:238 - [] Found @SpringBootConfiguration com.bank.ABCbank.AbcBankApplication for test class com.bank.ABCbank.exception.NegativeBalanceAmountExceptionTest
2023-03-10 09:25:34 [main] INFO  AbstractTestContextBootstrapper:245 - [] Loaded default TestExecutionListener class names from location [META-INF/spring.factories]: [org.springframework.boot.test.mock.mockito.MockitoTestExecutionListener, org.springframework.boot.test.mock.mockito.ResetMocksTestExecutionListener, org.springframework.boot.test.autoconfigure.restdocs.RestDocsTestExecutionListener, org.springframework.boot.test.autoconfigure.web.client.MockRestServiceServerResetTestExecutionListener, org.springframework.boot.test.autoconfigure.web.servlet.MockMvcPrintOnlyOnFailureTestExecutionListener, org.springframework.boot.test.autoconfigure.web.servlet.WebDriverTestExecutionListener, org.springframework.boot.test.autoconfigure.webservices.client.MockWebServiceServerTestExecutionListener, org.springframework.test.context.web.ServletTestExecutionListener, org.springframework.test.context.support.DirtiesContextBeforeModesTestExecutionListener, org.springframework.test.context.event.ApplicationEventsTestExecutionListener, org.springframework.test.context.support.DependencyInjectionTestExecutionListener, org.springframework.test.context.support.DirtiesContextTestExecutionListener, org.springframework.test.context.transaction.TransactionalTestExecutionListener, org.springframework.test.context.jdbc.SqlScriptsTestExecutionListener, org.springframework.test.context.event.EventPublishingTestExecutionListener]
2023-03-10 09:25:34 [main] INFO  AbstractTestContextBootstrapper:174 - [] Using TestExecutionListeners: [org.springframework.test.context.web.ServletTestExecutionListener@1a67bde5, org.springframework.test.context.support.DirtiesContextBeforeModesTestExecutionListener@5c648e38, org.springframework.test.context.event.ApplicationEventsTestExecutionListener@6bc8d8bd, org.springframework.boot.test.mock.mockito.MockitoTestExecutionListener@395c21ee, org.springframework.boot.test.autoconfigure.SpringBootDependencyInjectionTestExecutionListener@1e733bb5, org.springframework.test.context.support.DirtiesContextTestExecutionListener@669e730d, org.springframework.test.context.transaction.TransactionalTestExecutionListener@4b3e4253, org.springframework.test.context.jdbc.SqlScriptsTestExecutionListener@13b5598b, org.springframework.test.context.event.EventPublishingTestExecutionListener@141c66db, org.springframework.boot.test.mock.mockito.ResetMocksTestExecutionListener@18f794e, org.springframework.boot.test.autoconfigure.restdocs.RestDocsTestExecutionListener@389a9ff6, org.springframework.boot.test.autoconfigure.web.client.MockRestServiceServerResetTestExecutionListener@15af06f, org.springframework.boot.test.autoconfigure.web.servlet.MockMvcPrintOnlyOnFailureTestExecutionListener@76876421, org.springframework.boot.test.autoconfigure.web.servlet.WebDriverTestExecutionListener@c3836b6, org.springframework.boot.test.autoconfigure.webservices.client.MockWebServiceServerTestExecutionListener@60317de8]
2023-03-10 09:25:34 [SpringApplicationShutdownHook] INFO  AbstractEntityManagerFactoryBean:651 - [] Closing JPA EntityManagerFactory for persistence unit 'default'
2023-03-10 09:25:34 [SpringApplicationShutdownHook] INFO  HikariDataSource:350 - [] HikariPool-1 - Shutdown initiated...
2023-03-10 09:25:34 [SpringApplicationShutdownHook] INFO  HikariDataSource:352 - [] HikariPool-1 - Shutdown completed.
2023-03-10 09:28:38 [main] INFO  StartupInfoLogger:55 - [] Starting BankAccountNotFoundExceptionTest using Java 17.0.4.1 on LTIN419023 with PID 19668 (started by 2153311 in C:\Users\2153311\workspace-eclipse\ABC-bank)
2023-03-10 09:28:38 [main] INFO  SpringApplication:634 - [] No active profile set, falling back to 1 default profile: "default"
2023-03-10 09:28:39 [main] INFO  RepositoryConfigurationDelegate:132 - [] Bootstrapping Spring Data JPA repositories in DEFAULT mode.
2023-03-10 09:28:39 [main] INFO  RepositoryConfigurationDelegate:201 - [] Finished Spring Data repository scanning in 67 ms. Found 1 JPA repository interfaces.
2023-03-10 09:28:40 [main] INFO  LogHelper:31 - [] HHH000204: Processing PersistenceUnitInfo [name: default]
2023-03-10 09:28:40 [main] INFO  Version:44 - [] HHH000412: Hibernate ORM core version 5.6.12.Final
2023-03-10 09:28:40 [main] INFO  JavaReflectionManager:56 - [] HCANN000001: Hibernate Commons Annotations {5.1.2.Final}
2023-03-10 09:28:40 [main] INFO  HikariDataSource:110 - [] HikariPool-1 - Starting...
2023-03-10 09:28:40 [main] INFO  HikariDataSource:123 - [] HikariPool-1 - Start completed.
2023-03-10 09:28:40 [main] INFO  Dialect:175 - [] HHH000400: Using dialect: org.hibernate.dialect.MySQL8Dialect
2023-03-10 09:28:41 [main] INFO  JtaPlatformInitiator:52 - [] HHH000490: Using JtaPlatform implementation: [org.hibernate.engine.transaction.jta.platform.internal.NoJtaPlatform]
2023-03-10 09:28:41 [main] INFO  AbstractEntityManagerFactoryBean:437 - [] Initialized JPA EntityManagerFactory for persistence unit 'default'
2023-03-10 09:28:42 [main] WARN  JpaBaseConfiguration$JpaWebConfiguration:219 - [] spring.jpa.open-in-view is enabled by default. Therefore, database queries may be performed during view rendering. Explicitly configure spring.jpa.open-in-view to disable this warning
2023-03-10 09:28:43 [main] INFO  StartupInfoLogger:61 - [] Started BankAccountNotFoundExceptionTest in 5.015 seconds (JVM running for 6.353)
2023-03-10 09:28:43 [SpringApplicationShutdownHook] INFO  AbstractEntityManagerFactoryBean:651 - [] Closing JPA EntityManagerFactory for persistence unit 'default'
2023-03-10 09:28:43 [SpringApplicationShutdownHook] INFO  HikariDataSource:350 - [] HikariPool-1 - Shutdown initiated...
2023-03-10 09:28:43 [SpringApplicationShutdownHook] INFO  HikariDataSource:352 - [] HikariPool-1 - Shutdown completed.
2023-03-10 09:29:19 [main] INFO  StartupInfoLogger:55 - [] Starting BankAccountNotFoundExceptionTest using Java 17.0.4.1 on LTIN419023 with PID 76476 (started by 2153311 in C:\Users\2153311\workspace-eclipse\ABC-bank)
2023-03-10 09:29:19 [main] INFO  SpringApplication:634 - [] No active profile set, falling back to 1 default profile: "default"
2023-03-10 09:29:20 [main] INFO  RepositoryConfigurationDelegate:132 - [] Bootstrapping Spring Data JPA repositories in DEFAULT mode.
2023-03-10 09:29:20 [main] INFO  RepositoryConfigurationDelegate:201 - [] Finished Spring Data repository scanning in 68 ms. Found 1 JPA repository interfaces.
2023-03-10 09:29:21 [main] INFO  LogHelper:31 - [] HHH000204: Processing PersistenceUnitInfo [name: default]
2023-03-10 09:29:21 [main] INFO  Version:44 - [] HHH000412: Hibernate ORM core version 5.6.12.Final
2023-03-10 09:29:21 [main] INFO  JavaReflectionManager:56 - [] HCANN000001: Hibernate Commons Annotations {5.1.2.Final}
2023-03-10 09:29:21 [main] INFO  HikariDataSource:110 - [] HikariPool-1 - Starting...
2023-03-10 09:29:22 [main] INFO  HikariDataSource:123 - [] HikariPool-1 - Start completed.
2023-03-10 09:29:22 [main] INFO  Dialect:175 - [] HHH000400: Using dialect: org.hibernate.dialect.MySQL8Dialect
2023-03-10 09:29:22 [main] INFO  JtaPlatformInitiator:52 - [] HHH000490: Using JtaPlatform implementation: [org.hibernate.engine.transaction.jta.platform.internal.NoJtaPlatform]
2023-03-10 09:29:22 [main] INFO  AbstractEntityManagerFactoryBean:437 - [] Initialized JPA EntityManagerFactory for persistence unit 'default'
2023-03-10 09:29:23 [main] WARN  JpaBaseConfiguration$JpaWebConfiguration:219 - [] spring.jpa.open-in-view is enabled by default. Therefore, database queries may be performed during view rendering. Explicitly configure spring.jpa.open-in-view to disable this warning
2023-03-10 09:29:24 [main] INFO  StartupInfoLogger:61 - [] Started BankAccountNotFoundExceptionTest in 4.967 seconds (JVM running for 6.111)
2023-03-10 09:29:24 [SpringApplicationShutdownHook] INFO  AbstractEntityManagerFactoryBean:651 - [] Closing JPA EntityManagerFactory for persistence unit 'default'
2023-03-10 09:29:24 [SpringApplicationShutdownHook] INFO  HikariDataSource:350 - [] HikariPool-1 - Shutdown initiated...
2023-03-10 09:29:24 [SpringApplicationShutdownHook] INFO  HikariDataSource:352 - [] HikariPool-1 - Shutdown completed.
2023-03-10 09:30:26 [main] INFO  StartupInfoLogger:55 - [] Starting BankAccountNotFoundExceptionTest using Java 17.0.4.1 on LTIN419023 with PID 49320 (started by 2153311 in C:\Users\2153311\workspace-eclipse\ABC-bank)
2023-03-10 09:30:26 [main] INFO  SpringApplication:634 - [] No active profile set, falling back to 1 default profile: "default"
2023-03-10 09:30:27 [main] INFO  RepositoryConfigurationDelegate:132 - [] Bootstrapping Spring Data JPA repositories in DEFAULT mode.
2023-03-10 09:30:27 [main] INFO  RepositoryConfigurationDelegate:201 - [] Finished Spring Data repository scanning in 49 ms. Found 1 JPA repository interfaces.
2023-03-10 09:30:28 [main] INFO  LogHelper:31 - [] HHH000204: Processing PersistenceUnitInfo [name: default]
2023-03-10 09:30:28 [main] INFO  Version:44 - [] HHH000412: Hibernate ORM core version 5.6.12.Final
2023-03-10 09:30:28 [main] INFO  JavaReflectionManager:56 - [] HCANN000001: Hibernate Commons Annotations {5.1.2.Final}
2023-03-10 09:30:28 [main] INFO  HikariDataSource:110 - [] HikariPool-1 - Starting...
2023-03-10 09:30:29 [main] INFO  HikariDataSource:123 - [] HikariPool-1 - Start completed.
2023-03-10 09:30:29 [main] INFO  Dialect:175 - [] HHH000400: Using dialect: org.hibernate.dialect.MySQL8Dialect
2023-03-10 09:30:29 [main] INFO  JtaPlatformInitiator:52 - [] HHH000490: Using JtaPlatform implementation: [org.hibernate.engine.transaction.jta.platform.internal.NoJtaPlatform]
2023-03-10 09:30:29 [main] INFO  AbstractEntityManagerFactoryBean:437 - [] Initialized JPA EntityManagerFactory for persistence unit 'default'
2023-03-10 09:30:30 [main] WARN  JpaBaseConfiguration$JpaWebConfiguration:219 - [] spring.jpa.open-in-view is enabled by default. Therefore, database queries may be performed during view rendering. Explicitly configure spring.jpa.open-in-view to disable this warning
2023-03-10 09:30:31 [main] INFO  StartupInfoLogger:61 - [] Started BankAccountNotFoundExceptionTest in 5.474 seconds (JVM running for 6.617)
2023-03-10 09:30:31 [SpringApplicationShutdownHook] INFO  AbstractEntityManagerFactoryBean:651 - [] Closing JPA EntityManagerFactory for persistence unit 'default'
2023-03-10 09:30:31 [SpringApplicationShutdownHook] INFO  HikariDataSource:350 - [] HikariPool-1 - Shutdown initiated...
2023-03-10 09:30:31 [SpringApplicationShutdownHook] INFO  HikariDataSource:352 - [] HikariPool-1 - Shutdown completed.
2023-03-10 09:32:05 [main] INFO  StartupInfoLogger:55 - [] Starting BankMapperTest using Java 17.0.4.1 on LTIN419023 with PID 72008 (started by 2153311 in C:\Users\2153311\workspace-eclipse\ABC-bank)
2023-03-10 09:32:05 [main] INFO  SpringApplication:634 - [] No active profile set, falling back to 1 default profile: "default"
2023-03-10 09:32:06 [main] INFO  RepositoryConfigurationDelegate:132 - [] Bootstrapping Spring Data JPA repositories in DEFAULT mode.
2023-03-10 09:32:06 [main] INFO  RepositoryConfigurationDelegate:201 - [] Finished Spring Data repository scanning in 64 ms. Found 1 JPA repository interfaces.
2023-03-10 09:32:06 [main] INFO  LogHelper:31 - [] HHH000204: Processing PersistenceUnitInfo [name: default]
2023-03-10 09:32:06 [main] INFO  Version:44 - [] HHH000412: Hibernate ORM core version 5.6.12.Final
2023-03-10 09:32:07 [main] INFO  JavaReflectionManager:56 - [] HCANN000001: Hibernate Commons Annotations {5.1.2.Final}
2023-03-10 09:32:07 [main] INFO  HikariDataSource:110 - [] HikariPool-1 - Starting...
2023-03-10 09:32:07 [main] INFO  HikariDataSource:123 - [] HikariPool-1 - Start completed.
2023-03-10 09:32:07 [main] INFO  Dialect:175 - [] HHH000400: Using dialect: org.hibernate.dialect.MySQL8Dialect
2023-03-10 09:32:08 [main] INFO  JtaPlatformInitiator:52 - [] HHH000490: Using JtaPlatform implementation: [org.hibernate.engine.transaction.jta.platform.internal.NoJtaPlatform]
2023-03-10 09:32:08 [main] INFO  AbstractEntityManagerFactoryBean:437 - [] Initialized JPA EntityManagerFactory for persistence unit 'default'
2023-03-10 09:32:09 [main] WARN  JpaBaseConfiguration$JpaWebConfiguration:219 - [] spring.jpa.open-in-view is enabled by default. Therefore, database queries may be performed during view rendering. Explicitly configure spring.jpa.open-in-view to disable this warning
2023-03-10 09:32:10 [main] INFO  StartupInfoLogger:61 - [] Started BankMapperTest in 5.198 seconds (JVM running for 6.405)
2023-03-10 09:32:10 [main] INFO  AbstractTestContextBootstrapper:305 - [] Neither @ContextConfiguration nor @ContextHierarchy found for test class [com.bank.ABCbank.AbcBankApplicationTests], using SpringBootContextLoader
2023-03-10 09:32:10 [main] INFO  AbstractContextLoader:264 - [] Could not detect default resource locations for test class [com.bank.ABCbank.AbcBankApplicationTests]: no resource found for suffixes {-context.xml, Context.groovy}.
2023-03-10 09:32:10 [main] INFO  AnnotationConfigContextLoaderUtils:83 - [] Could not detect default configuration classes for test class [com.bank.ABCbank.AbcBankApplicationTests]: AbcBankApplicationTests does not declare any static, non-private, non-final, nested classes annotated with @Configuration.
2023-03-10 09:32:10 [main] INFO  SpringBootTestContextBootstrapper:238 - [] Found @SpringBootConfiguration com.bank.ABCbank.AbcBankApplication for test class com.bank.ABCbank.AbcBankApplicationTests
2023-03-10 09:32:10 [main] INFO  AbstractTestContextBootstrapper:245 - [] Loaded default TestExecutionListener class names from location [META-INF/spring.factories]: [org.springframework.boot.test.mock.mockito.MockitoTestExecutionListener, org.springframework.boot.test.mock.mockito.ResetMocksTestExecutionListener, org.springframework.boot.test.autoconfigure.restdocs.RestDocsTestExecutionListener, org.springframework.boot.test.autoconfigure.web.client.MockRestServiceServerResetTestExecutionListener, org.springframework.boot.test.autoconfigure.web.servlet.MockMvcPrintOnlyOnFailureTestExecutionListener, org.springframework.boot.test.autoconfigure.web.servlet.WebDriverTestExecutionListener, org.springframework.boot.test.autoconfigure.webservices.client.MockWebServiceServerTestExecutionListener, org.springframework.test.context.web.ServletTestExecutionListener, org.springframework.test.context.support.DirtiesContextBeforeModesTestExecutionListener, org.springframework.test.context.event.ApplicationEventsTestExecutionListener, org.springframework.test.context.support.DependencyInjectionTestExecutionListener, org.springframework.test.context.support.DirtiesContextTestExecutionListener, org.springframework.test.context.transaction.TransactionalTestExecutionListener, org.springframework.test.context.jdbc.SqlScriptsTestExecutionListener, org.springframework.test.context.event.EventPublishingTestExecutionListener]
2023-03-10 09:32:10 [main] INFO  AbstractTestContextBootstrapper:174 - [] Using TestExecutionListeners: [org.springframework.test.context.web.ServletTestExecutionListener@10ffe32f, org.springframework.test.context.support.DirtiesContextBeforeModesTestExecutionListener@13868c41, org.springframework.test.context.event.ApplicationEventsTestExecutionListener@67d55a46, org.springframework.boot.test.mock.mockito.MockitoTestExecutionListener@72115c48, org.springframework.boot.test.autoconfigure.SpringBootDependencyInjectionTestExecutionListener@1d982fbe, org.springframework.test.context.support.DirtiesContextTestExecutionListener@3adb4cc8, org.springframework.test.context.transaction.TransactionalTestExecutionListener@779136bf, org.springframework.test.context.jdbc.SqlScriptsTestExecutionListener@f9ac719, org.springframework.test.context.event.EventPublishingTestExecutionListener@53a3fc8b, org.springframework.boot.test.mock.mockito.ResetMocksTestExecutionListener@337e573b, org.springframework.boot.test.autoconfigure.restdocs.RestDocsTestExecutionListener@4d24ab25, org.springframework.boot.test.autoconfigure.web.client.MockRestServiceServerResetTestExecutionListener@145f1f97, org.springframework.boot.test.autoconfigure.web.servlet.MockMvcPrintOnlyOnFailureTestExecutionListener@58d4fe33, org.springframework.boot.test.autoconfigure.web.servlet.WebDriverTestExecutionListener@1952ad9d, org.springframework.boot.test.autoconfigure.webservices.client.MockWebServiceServerTestExecutionListener@71c74011]
2023-03-10 09:32:10 [main] INFO  AbstractTestContextBootstrapper:305 - [] Neither @ContextConfiguration nor @ContextHierarchy found for test class [com.bank.ABCbank.service.BankServiceImplTest], using SpringBootContextLoader
2023-03-10 09:32:10 [main] INFO  AbstractContextLoader:264 - [] Could not detect default resource locations for test class [com.bank.ABCbank.service.BankServiceImplTest]: no resource found for suffixes {-context.xml, Context.groovy}.
2023-03-10 09:32:10 [main] INFO  AnnotationConfigContextLoaderUtils:83 - [] Could not detect default configuration classes for test class [com.bank.ABCbank.service.BankServiceImplTest]: BankServiceImplTest does not declare any static, non-private, non-final, nested classes annotated with @Configuration.
2023-03-10 09:32:10 [main] INFO  SpringBootTestContextBootstrapper:238 - [] Found @SpringBootConfiguration com.bank.ABCbank.AbcBankApplication for test class com.bank.ABCbank.service.BankServiceImplTest
2023-03-10 09:32:10 [main] INFO  AbstractTestContextBootstrapper:245 - [] Loaded default TestExecutionListener class names from location [META-INF/spring.factories]: [org.springframework.boot.test.mock.mockito.MockitoTestExecutionListener, org.springframework.boot.test.mock.mockito.ResetMocksTestExecutionListener, org.springframework.boot.test.autoconfigure.restdocs.RestDocsTestExecutionListener, org.springframework.boot.test.autoconfigure.web.client.MockRestServiceServerResetTestExecutionListener, org.springframework.boot.test.autoconfigure.web.servlet.MockMvcPrintOnlyOnFailureTestExecutionListener, org.springframework.boot.test.autoconfigure.web.servlet.WebDriverTestExecutionListener, org.springframework.boot.test.autoconfigure.webservices.client.MockWebServiceServerTestExecutionListener, org.springframework.test.context.web.ServletTestExecutionListener, org.springframework.test.context.support.DirtiesContextBeforeModesTestExecutionListener, org.springframework.test.context.event.ApplicationEventsTestExecutionListener, org.springframework.test.context.support.DependencyInjectionTestExecutionListener, org.springframework.test.context.support.DirtiesContextTestExecutionListener, org.springframework.test.context.transaction.TransactionalTestExecutionListener, org.springframework.test.context.jdbc.SqlScriptsTestExecutionListener, org.springframework.test.context.event.EventPublishingTestExecutionListener]
2023-03-10 09:32:10 [main] INFO  AbstractTestContextBootstrapper:174 - [] Using TestExecutionListeners: [org.springframework.test.context.web.ServletTestExecutionListener@188ab96, org.springframework.test.context.support.DirtiesContextBeforeModesTestExecutionListener@6705fb02, org.springframework.test.context.event.ApplicationEventsTestExecutionListener@e2696e8, org.springframework.boot.test.mock.mockito.MockitoTestExecutionListener@345d641e, org.springframework.boot.test.autoconfigure.SpringBootDependencyInjectionTestExecutionListener@70cdbd18, org.springframework.test.context.support.DirtiesContextTestExecutionListener@38d895e8, org.springframework.test.context.transaction.TransactionalTestExecutionListener@2f3d5cd, org.springframework.test.context.jdbc.SqlScriptsTestExecutionListener@5dd12c19, org.springframework.test.context.event.EventPublishingTestExecutionListener@40696fc6, org.springframework.boot.test.mock.mockito.ResetMocksTestExecutionListener@3ce2c5f6, org.springframework.boot.test.autoconfigure.restdocs.RestDocsTestExecutionListener@20a3321a, org.springframework.boot.test.autoconfigure.web.client.MockRestServiceServerResetTestExecutionListener@744673f3, org.springframework.boot.test.autoconfigure.web.servlet.MockMvcPrintOnlyOnFailureTestExecutionListener@7f5a25e2, org.springframework.boot.test.autoconfigure.web.servlet.WebDriverTestExecutionListener@553d828a, org.springframework.boot.test.autoconfigure.webservices.client.MockWebServiceServerTestExecutionListener@6cb759d5]
2023-03-10 09:32:10 [main] INFO  AbstractTestContextBootstrapper:305 - [] Neither @ContextConfiguration nor @ContextHierarchy found for test class [com.bank.ABCbank.exception.NegativeBalanceAmountExceptionTest], using SpringBootContextLoader
2023-03-10 09:32:10 [main] INFO  AbstractContextLoader:264 - [] Could not detect default resource locations for test class [com.bank.ABCbank.exception.NegativeBalanceAmountExceptionTest]: no resource found for suffixes {-context.xml, Context.groovy}.
2023-03-10 09:32:10 [main] INFO  AnnotationConfigContextLoaderUtils:83 - [] Could not detect default configuration classes for test class [com.bank.ABCbank.exception.NegativeBalanceAmountExceptionTest]: NegativeBalanceAmountExceptionTest does not declare any static, non-private, non-final, nested classes annotated with @Configuration.
2023-03-10 09:32:10 [main] INFO  SpringBootTestContextBootstrapper:238 - [] Found @SpringBootConfiguration com.bank.ABCbank.AbcBankApplication for test class com.bank.ABCbank.exception.NegativeBalanceAmountExceptionTest
2023-03-10 09:32:10 [main] INFO  AbstractTestContextBootstrapper:245 - [] Loaded default TestExecutionListener class names from location [META-INF/spring.factories]: [org.springframework.boot.test.mock.mockito.MockitoTestExecutionListener, org.springframework.boot.test.mock.mockito.ResetMocksTestExecutionListener, org.springframework.boot.test.autoconfigure.restdocs.RestDocsTestExecutionListener, org.springframework.boot.test.autoconfigure.web.client.MockRestServiceServerResetTestExecutionListener, org.springframework.boot.test.autoconfigure.web.servlet.MockMvcPrintOnlyOnFailureTestExecutionListener, org.springframework.boot.test.autoconfigure.web.servlet.WebDriverTestExecutionListener, org.springframework.boot.test.autoconfigure.webservices.client.MockWebServiceServerTestExecutionListener, org.springframework.test.context.web.ServletTestExecutionListener, org.springframework.test.context.support.DirtiesContextBeforeModesTestExecutionListener, org.springframework.test.context.event.ApplicationEventsTestExecutionListener, org.springframework.test.context.support.DependencyInjectionTestExecutionListener, org.springframework.test.context.support.DirtiesContextTestExecutionListener, org.springframework.test.context.transaction.TransactionalTestExecutionListener, org.springframework.test.context.jdbc.SqlScriptsTestExecutionListener, org.springframework.test.context.event.EventPublishingTestExecutionListener]
2023-03-10 09:32:10 [main] INFO  AbstractTestContextBootstrapper:174 - [] Using TestExecutionListeners: [org.springframework.test.context.web.ServletTestExecutionListener@1a67bde5, org.springframework.test.context.support.DirtiesContextBeforeModesTestExecutionListener@5c648e38, org.springframework.test.context.event.ApplicationEventsTestExecutionListener@6bc8d8bd, org.springframework.boot.test.mock.mockito.MockitoTestExecutionListener@395c21ee, org.springframework.boot.test.autoconfigure.SpringBootDependencyInjectionTestExecutionListener@1e733bb5, org.springframework.test.context.support.DirtiesContextTestExecutionListener@669e730d, org.springframework.test.context.transaction.TransactionalTestExecutionListener@4b3e4253, org.springframework.test.context.jdbc.SqlScriptsTestExecutionListener@13b5598b, org.springframework.test.context.event.EventPublishingTestExecutionListener@141c66db, org.springframework.boot.test.mock.mockito.ResetMocksTestExecutionListener@18f794e, org.springframework.boot.test.autoconfigure.restdocs.RestDocsTestExecutionListener@389a9ff6, org.springframework.boot.test.autoconfigure.web.client.MockRestServiceServerResetTestExecutionListener@15af06f, org.springframework.boot.test.autoconfigure.web.servlet.MockMvcPrintOnlyOnFailureTestExecutionListener@76876421, org.springframework.boot.test.autoconfigure.web.servlet.WebDriverTestExecutionListener@c3836b6, org.springframework.boot.test.autoconfigure.webservices.client.MockWebServiceServerTestExecutionListener@60317de8]
2023-03-10 09:32:10 [SpringApplicationShutdownHook] INFO  AbstractEntityManagerFactoryBean:651 - [] Closing JPA EntityManagerFactory for persistence unit 'default'
2023-03-10 09:32:10 [SpringApplicationShutdownHook] INFO  HikariDataSource:350 - [] HikariPool-1 - Shutdown initiated...
2023-03-10 09:32:10 [SpringApplicationShutdownHook] INFO  HikariDataSource:352 - [] HikariPool-1 - Shutdown completed.
2023-03-10 09:33:10 [RMI TCP Connection(33)-127.0.0.1] INFO  SpringApplicationAdminMXBeanRegistrar$SpringApplicationAdmin:159 - [] Application shutdown requested.
2023-03-10 09:33:10 [RMI TCP Connection(33)-127.0.0.1] INFO  DirectJDKLog:173 - [] Stopping service [Tomcat]
2023-03-10 09:33:10 [RMI TCP Connection(33)-127.0.0.1] INFO  AbstractEntityManagerFactoryBean:651 - [] Closing JPA EntityManagerFactory for persistence unit 'default'
2023-03-10 09:33:10 [RMI TCP Connection(33)-127.0.0.1] INFO  HikariDataSource:350 - [] HikariPool-5 - Shutdown initiated...
2023-03-10 09:33:10 [RMI TCP Connection(33)-127.0.0.1] INFO  HikariDataSource:352 - [] HikariPool-5 - Shutdown completed.
